IP Generator (Version 2022.1 build 99559)
Check out license ...
Start generating at 2023-05-03 10:30
Instance: interpolation_ram (D:\FPGA\PANGOMICRO\pango_learn\6_4ways_axi_arbitration_1920x1080_video_loop\ipcore\interpolation_ram\interpolation_ram.idf)
IP: DRM Based Simple Dual Port RAM (1.6)
Part: Logos-PGL50H-FBG484--6
Create directory 'rtl' ...
Copy 'rtl\ipml_sdpram_v1_6.v.xml' to 'rtl' ...
Compile file 'rtl\ipml_sdpram_v1_6.v.xml' to 'rtl\ipml_sdpram_v1_6_interpolation_ram.v' ...
Copy 'ipml_sdpram_wrapper_v1_6.v.xml' ...
Compile file 'ipml_sdpram_wrapper_v1_6.v.xml' to 'interpolation_ram.v' ...
Found top module 'interpolation_ram' in file 'interpolation_ram.v'.
Copy 'ipml_sdpram_wrapper_v1_3_tb.v.xml' ...
Compile file 'ipml_sdpram_wrapper_v1_3_tb.v.xml' to 'interpolation_ram_tb.v' ...
Copy 'init_param_bin_exmp.dat' ...
Copy 'init_param_hex_exmp.dat' ...
Run file 'createParam.tcl' ...
Create template file 'interpolation_ram_tmpl.v' ...
Create template file 'interpolation_ram_tmpl.vhdl' ...
There are 2 source files to synthesize.
Synthesis is disabled.
Done: 0 error(s), 0 warning(s)
