IP Generator (Version 2022.1 build 99559)
Check out license ...
Start generating at 2023-03-29 19:42
Instance: write_ddr_fifo (D:\3_ddr_test\ipcore\write_ddr_fifo\write_ddr_fifo.idf)
IP: DRM Based FIFO (1.6)
Part: Logos-PGL50H-FBG484--6
Create directory 'rtl' ...
Copy 'rtl\ipml_fifo_ctrl_v1_3.v' to 'rtl' ...
Copy 'rtl\ipml_fifo_v1_6.v.xml' to 'rtl' ...
Copy 'rtl\ipml_prefetch_fifo_v1_6.v.xml' to 'rtl' ...
Copy 'rtl\ipml_reg_fifo_v1_0.v' to 'rtl' ...
Copy 'rtl\ipml_sdpram_v1_6.v.xml' to 'rtl' ...
Compile file 'rtl\ipml_sdpram_v1_6.v.xml' to 'rtl\ipml_sdpram_v1_6_write_ddr_fifo.v' ...
Compile file 'rtl\ipml_fifo_v1_6.v.xml' to 'rtl\ipml_fifo_v1_6_write_ddr_fifo.v' ...
Compile file 'rtl\ipml_prefetch_fifo_v1_6.v.xml' to 'rtl\ipml_prefetch_fifo_v1_6_write_ddr_fifo.v' ...
Copy 'ipml_fifo_wrapper_v1_6.v.xml' ...
Compile file 'ipml_fifo_wrapper_v1_6.v.xml' to 'write_ddr_fifo.v' ...
Found top module 'write_ddr_fifo' in file 'write_ddr_fifo.v'.
Copy 'ipml_prefetch_fifo_wrapper_v1_6.v.xml' ...
Compile file 'ipml_prefetch_fifo_wrapper_v1_6.v.xml' to 'write_ddr_fifo_prefetch.v' ...
Copy 'ipml_fifo_wrapper_v1_3_tb.v.xml' ...
Compile file 'ipml_fifo_wrapper_v1_3_tb.v.xml' to 'write_ddr_fifo_tb.v' ...
Create template file 'write_ddr_fifo_tmpl.v' ...
Create template file 'write_ddr_fifo_tmpl.vhdl' ...
There are 4 source files to synthesize.
Synthesis is disabled.
Done: 0 error(s), 0 warning(s)
