------------------------------------------------------------------------------------------------------------------------------------------------------------------------------------------------------------------------------------------------------------------------------------------------------------------------
Detailed RTL Component Info :
-----Module Name :
                    test_ddr

-----ROMs :
            64 Bit    (64 x 1 bit)          ROMs := 1
            256 Bit    (64 x 4 bit)          ROMs := 1
            1K Bit    (64 x 20 bit)          ROMs := 1
            2K Bit    (64 x 34 bit)          ROMs := 1
            10K Bit    (512 x 20 bit)          ROMs := 1
            12K Bit    (512 x 24 bit)          ROMs := 1

-----RAMs :
            32 Bit    (16 x 2 bit)          RAMs := 1
            688 Bit    (16 x 43 bit)          RAMs := 2
            160 Bit    (32 x 5 bit)          RAMs := 1

Distributed RAM and Block RAM: Final Mapping Report
|-----------------------------------------------------------------------------------------------------------------------------------------------------------------------------------------------|------------------------|-------------------|---------|
| DPRAM Inst Name                                                                                                                                                                               | Size (Depth x Width)   | Primitives        | Count   |
|-----------------------------------------------------------------------------------------------------------------------------------------------------------------------------------------------|------------------------|-------------------|---------|
| u_ipsl_pcie_wrap/u_pcie_top/u_pcie_hard_ctrl/u_pcie_cfg_init/init_rom_2                                                                                                                       | 64 x 1                 |                   |         |
|                                                                                                                                                                                               | 64 x 1                 | GTP_ROM64X1       | 1       |
|-----------------------------------------------------------------------------------------------------------------------------------------------------------------------------------------------|------------------------|-------------------|---------|
| u_ipsl_pcie_wrap/u_pcie_top/u_pcie_hard_ctrl/u_pcie_cfg_init/init_rom_1                                                                                                                       | 64 x 4                 |                   |         |
|                                                                                                                                                                                               | 64 x 1                 | GTP_ROM64X1       | 4       |
|-----------------------------------------------------------------------------------------------------------------------------------------------------------------------------------------------|------------------------|-------------------|---------|
| I_ipsxb_ddr_top/u_ipsxb_ddrc_top/mcdq_dcp_top/mcdq_dcp_buf/B_ipsxb_distributed_fifo/u_ipsxb_distributed_fifo_distributed_fifo_v1_0/ipsxb_distributed_sdpram_distributed_fifo_v1_0/mem         | 16 x 43                |                   |         |
|                                                                                                                                                                                               | 16 x 1                 | GTP_RAM16X1DP     | 39      |
|-----------------------------------------------------------------------------------------------------------------------------------------------------------------------------------------------|------------------------|-------------------|---------|
| I_ipsxb_ddr_top/u_ipsxb_ddrc_top/mcdq_rdatapath/mcdq_prefetch_fifo/ipsxb_distributed_fifo/u_ipsxb_distributed_fifo_distributed_fifo_v1_0/ipsxb_distributed_sdpram_distributed_fifo_v1_0/mem   | 32 x 5                 |                   |         |
|                                                                                                                                                                                               | 32 x 1                 | GTP_RAM32X1DP     | 5       |
|-----------------------------------------------------------------------------------------------------------------------------------------------------------------------------------------------|------------------------|-------------------|---------|
| I_ipsxb_ddr_top/u_ipsxb_ddrc_top/mcdq_dcp_top/mcdq_dcp_buf/A_ipsxb_distributed_fifo/u_ipsxb_distributed_fifo_distributed_fifo_v1_0/ipsxb_distributed_sdpram_distributed_fifo_v1_0/mem         | 16 x 43                |                   |         |
|                                                                                                                                                                                               | 16 x 1                 | GTP_RAM16X1DP     | 39      |
|-----------------------------------------------------------------------------------------------------------------------------------------------------------------------------------------------|------------------------|-------------------|---------|
| I_ipsxb_ddr_top/u_ipsxb_ddrc_top/mcdq_wdatapath/ipsxb_distributed_fifo/u_ipsxb_distributed_fifo_distributed_fifo_v1_0/ipsxb_distributed_sdpram_distributed_fifo_v1_0/mem                      | 16 x 2                 |                   |         |
|                                                                                                                                                                                               | 16 x 1                 | GTP_RAM16X1DP     | 2       |
|-----------------------------------------------------------------------------------------------------------------------------------------------------------------------------------------------|------------------------|-------------------|---------|

|-------------------------------------------------------------------------------------------|------------------------|-------------------|-------------------|-------------------|-------------------|
| Inst Name                                                                                 | Size (Depth x Width)   | Write_Mode_A      | Write_Mode_B      | Ram_Mode          | Primitives        |
|-------------------------------------------------------------------------------------------|------------------------|-------------------|-------------------|-------------------|-------------------|
| user_hdmi_ctrl/user_ms7210_ctrl/N325_1_concat_2                                           | 64 x 20                |                   |                   |                   |                   |
|                                 N325_1_concat_2                                           | 64 x 20                | NORMAL_WRITE      | /                 | SINGLE_PORT       | GTP_DRM9K         |
|-------------------------------------------------------------------------------------------|------------------------|-------------------|-------------------|-------------------|-------------------|
| user_hdmi_ctrl/user_ms7200_ctrl/N1219_2_concat_3                                          | 512 x 20               |                   |                   |                   |                   |
|                                 N1219_2_concat_3                                          | 512 x 20               | NORMAL_WRITE      | /                 | SINGLE_PORT       | GTP_DRM18K        |
|-------------------------------------------------------------------------------------------|------------------------|-------------------|-------------------|-------------------|-------------------|
| coms1_reg_config/reg_data                                                                 | 512 x 24               |                   |                   |                   |                   |
|                  reg_data                                                                 | 512 x 24               | NORMAL_WRITE      | /                 | SINGLE_PORT       | GTP_DRM18K        |
|-------------------------------------------------------------------------------------------|------------------------|-------------------|-------------------|-------------------|-------------------|
| u_ipsl_pcie_wrap/u_pcie_top/u_pcie_hard_ctrl/u_pcie_cfg_init/init_rom_1_reg_10_concat_4   | 64 x 34                |                   |                   |                   |                   |
|                                                              init_rom_1_reg_10_concat_4   | 64 x 34                | NORMAL_WRITE      | /                 | SINGLE_PORT       | GTP_DRM9K         |
|-------------------------------------------------------------------------------------------|------------------------|-------------------|-------------------|-------------------|-------------------|

------------------------------------------------------------------------------------------------------------------------------------------------------------------------------------------------------------------------------------------------------------------------------------------------------------------------

