#Build: Fabric Compiler 2022.1, Build 99559, Jul 12 00:20 2022
#Install: D:\FPGA\PANGOMICRO\PDS_2022.1\bin
#Application name: pds_shell.exe
#OS: Windows 10 10.0.19045
#Hostname: FLY-TT-G14LAPTOP
Generated by Fabric Compiler (version 2022.1 build 99559) at Sun Aug  6 18:16:23 2023
Compiling verification operator library.
Compiling common defs.
Loading technology operator library.
Compiling technology operator library.
Compiling technology operator (valence) library.
Compiling operator packing rules.
Compiling prim grid devices.
Compiling gate devices.
Compiling gate operators.
Compiling tech operator impls.
Building architecture model.
Loading device packaging model.
Reading design from translate DB.
License checkout: fabric_inserter
Generating cores. Please be patient as this can take several minutes...
  >Generating core DebugCore0...
  >Running ADS for debugcore...
  >Making net connections...
Core Insertion Complete.
C: SDC-2025: Clock source 'n:coms1_reg_config/clock_20k' need a clock constraint, please use 'create_clock' or 'create_generate_clock' to generate.
Flattening design 'test_ddr'
W: Public-4008: Instance 'u_CORES/u_debug_core_0/u_hub_data_decode/conf_rden[1]' of 'GTP_DFF_C' unit is dangling and will be cleaned.
W: Public-4008: Instance 'u_CORES/u_debug_core_0/u_hub_data_decode/conf_rden[2]' of 'GTP_DFF_C' unit is dangling and will be cleaned.
W: Public-4008: Instance 'u_CORES/u_debug_core_0/u_hub_data_decode/conf_rden[3]' of 'GTP_DFF_C' unit is dangling and will be cleaned.
W: Public-4008: Instance 'u_CORES/u_debug_core_0/u_hub_data_decode/conf_rden[4]' of 'GTP_DFF_C' unit is dangling and will be cleaned.
W: Public-4008: Instance 'u_CORES/u_debug_core_0/u_hub_data_decode/conf_rden[5]' of 'GTP_DFF_C' unit is dangling and will be cleaned.
W: Public-4008: Instance 'u_CORES/u_debug_core_0/u_hub_data_decode/conf_rden[6]' of 'GTP_DFF_C' unit is dangling and will be cleaned.
W: Public-4008: Instance 'u_CORES/u_debug_core_0/u_hub_data_decode/conf_rden[7]' of 'GTP_DFF_C' unit is dangling and will be cleaned.
W: Public-4008: Instance 'u_CORES/u_debug_core_0/u_hub_data_decode/conf_rden[8]' of 'GTP_DFF_C' unit is dangling and will be cleaned.
W: Public-4008: Instance 'u_CORES/u_debug_core_0/u_hub_data_decode/conf_rden[9]' of 'GTP_DFF_C' unit is dangling and will be cleaned.
W: Public-4008: Instance 'u_CORES/u_debug_core_0/u_hub_data_decode/conf_rden[10]' of 'GTP_DFF_C' unit is dangling and will be cleaned.
W: Public-4008: Instance 'u_CORES/u_debug_core_0/u_hub_data_decode/conf_rden[11]' of 'GTP_DFF_C' unit is dangling and will be cleaned.
W: Public-4008: Instance 'u_CORES/u_debug_core_0/u_hub_data_decode/conf_rden[12]' of 'GTP_DFF_C' unit is dangling and will be cleaned.
W: Public-4008: Instance 'u_CORES/u_debug_core_0/u_hub_data_decode/conf_rden[13]' of 'GTP_DFF_C' unit is dangling and will be cleaned.
W: Public-4008: Instance 'u_CORES/u_debug_core_0/u_hub_data_decode/conf_rden[14]' of 'GTP_DFF_C' unit is dangling and will be cleaned.
W: Public-4008: Instance 'u_CORES/u_debug_core_0/u_hub_data_decode/conf_rden[15]' of 'GTP_DFF_C' unit is dangling and will be cleaned.
W: Public-4008: Instance 'u_CORES/u_debug_core_0/u_hub_data_decode/conf_rden[17]' of 'GTP_DFF_C' unit is dangling and will be cleaned.
W: Public-4008: Instance 'u_CORES/u_debug_core_0/u_hub_data_decode/conf_rden[19]' of 'GTP_DFF_C' unit is dangling and will be cleaned.
W: Public-4008: Instance 'u_CORES/u_debug_core_0/u_hub_data_decode/conf_sel_int[1]' of 'GTP_DFF_C' unit is dangling and will be cleaned.
W: Public-4008: Instance 'u_CORES/u_debug_core_0/u_hub_data_decode/conf_sel_int[2]' of 'GTP_DFF_C' unit is dangling and will be cleaned.
W: Public-4008: Instance 'u_CORES/u_debug_core_0/u_hub_data_decode/conf_sel_int[3]' of 'GTP_DFF_C' unit is dangling and will be cleaned.
W: Public-4008: Instance 'u_CORES/u_debug_core_0/u_hub_data_decode/conf_sel_int[4]' of 'GTP_DFF_C' unit is dangling and will be cleaned.
W: Public-4008: Instance 'u_CORES/u_debug_core_0/u_hub_data_decode/conf_sel_int[5]' of 'GTP_DFF_C' unit is dangling and will be cleaned.
W: Public-4008: Instance 'u_CORES/u_debug_core_0/u_hub_data_decode/conf_sel_int[6]' of 'GTP_DFF_C' unit is dangling and will be cleaned.
W: Public-4008: Instance 'u_CORES/u_debug_core_0/u_hub_data_decode/conf_sel_int[7]' of 'GTP_DFF_C' unit is dangling and will be cleaned.
W: Public-4008: Instance 'u_CORES/u_debug_core_0/u_hub_data_decode/conf_sel_int[8]' of 'GTP_DFF_C' unit is dangling and will be cleaned.
W: Public-4008: Instance 'u_CORES/u_debug_core_0/u_hub_data_decode/conf_sel_int[9]' of 'GTP_DFF_C' unit is dangling and will be cleaned.
W: Public-4008: Instance 'u_CORES/u_debug_core_0/u_hub_data_decode/conf_sel_int[10]' of 'GTP_DFF_C' unit is dangling and will be cleaned.
W: Public-4008: Instance 'u_CORES/u_debug_core_0/u_hub_data_decode/conf_sel_int[11]' of 'GTP_DFF_C' unit is dangling and will be cleaned.
W: Public-4008: Instance 'u_CORES/u_debug_core_0/u_hub_data_decode/conf_sel_int[12]' of 'GTP_DFF_C' unit is dangling and will be cleaned.
W: Public-4008: Instance 'u_CORES/u_debug_core_0/u_hub_data_decode/conf_sel_int[13]' of 'GTP_DFF_C' unit is dangling and will be cleaned.
W: Public-4008: Instance 'u_CORES/u_debug_core_0/u_hub_data_decode/conf_sel_int[14]' of 'GTP_DFF_C' unit is dangling and will be cleaned.
W: Public-4008: Instance 'u_CORES/u_debug_core_0/u_hub_data_decode/conf_sel_int[15]' of 'GTP_DFF_C' unit is dangling and will be cleaned.
W: Public-4008: Instance 'u_CORES/u_debug_core_0/u_hub_data_decode/conf_sel_int[17]' of 'GTP_DFF_C' unit is dangling and will be cleaned.
W: Public-4008: Instance 'u_CORES/u_debug_core_0/u_hub_data_decode/conf_sel_int[19]' of 'GTP_DFF_C' unit is dangling and will be cleaned.
Device mapping started.
Optimizing circuit logic.
W: Public-4008: Instance 'cmos1_de_in_cnt[0]' of 'GTP_DFF_RE' unit is dangling and will be cleaned.
W: Public-4008: Instance 'cmos1_de_in_cnt[1]' of 'GTP_DFF_RE' unit is dangling and will be cleaned.
W: Public-4008: Instance 'cmos1_de_in_cnt[2]' of 'GTP_DFF_RE' unit is dangling and will be cleaned.
W: Public-4008: Instance 'cmos1_de_in_cnt[3]' of 'GTP_DFF_RE' unit is dangling and will be cleaned.
W: Public-4008: Instance 'cmos1_de_in_cnt[4]' of 'GTP_DFF_RE' unit is dangling and will be cleaned.
W: Public-4008: Instance 'cmos1_de_in_cnt[5]' of 'GTP_DFF_RE' unit is dangling and will be cleaned.
W: Public-4008: Instance 'cmos1_de_in_cnt[6]' of 'GTP_DFF_RE' unit is dangling and will be cleaned.
W: Public-4008: Instance 'cmos1_de_in_cnt[7]' of 'GTP_DFF_RE' unit is dangling and will be cleaned.
W: Public-4008: Instance 'cmos1_de_in_cnt[8]' of 'GTP_DFF_RE' unit is dangling and will be cleaned.
W: Public-4008: Instance 'cmos1_de_in_cnt[9]' of 'GTP_DFF_RE' unit is dangling and will be cleaned.
W: Public-4008: Instance 'cmos1_de_in_cnt[10]' of 'GTP_DFF_RE' unit is dangling and will be cleaned.
W: Public-4008: Instance 'cmos1_de_in_cnt[11]' of 'GTP_DFF_RE' unit is dangling and will be cleaned.
W: Public-4008: Instance 'cmos1_de_in_d0' of 'GTP_DFF_RE' unit is dangling and will be cleaned.
W: Public-4008: Instance 'cmos1_de_in_d1' of 'GTP_DFF_RE' unit is dangling and will be cleaned.
W: Public-4008: Instance 'cmos1_de_in_state_0' of 'GTP_DFF_S' unit is dangling and will be cleaned.
W: Public-4008: Instance 'cmos1_h_cnt[0]' of 'GTP_DFF_RE' unit is dangling and will be cleaned.
W: Public-4008: Instance 'cmos1_h_cnt[1]' of 'GTP_DFF_RE' unit is dangling and will be cleaned.
W: Public-4008: Instance 'cmos1_h_cnt[2]' of 'GTP_DFF_RE' unit is dangling and will be cleaned.
W: Public-4008: Instance 'cmos1_h_cnt[3]' of 'GTP_DFF_RE' unit is dangling and will be cleaned.
W: Public-4008: Instance 'cmos1_h_cnt[4]' of 'GTP_DFF_RE' unit is dangling and will be cleaned.
W: Public-4008: Instance 'cmos1_h_cnt[5]' of 'GTP_DFF_RE' unit is dangling and will be cleaned.
W: Public-4008: Instance 'cmos1_h_cnt[6]' of 'GTP_DFF_RE' unit is dangling and will be cleaned.
W: Public-4008: Instance 'cmos1_h_cnt[7]' of 'GTP_DFF_RE' unit is dangling and will be cleaned.
W: Public-4008: Instance 'cmos1_h_cnt[8]' of 'GTP_DFF_RE' unit is dangling and will be cleaned.
W: Public-4008: Instance 'cmos1_h_cnt[9]' of 'GTP_DFF_RE' unit is dangling and will be cleaned.
W: Public-4008: Instance 'cmos1_h_cnt[10]' of 'GTP_DFF_RE' unit is dangling and will be cleaned.
W: Public-4008: Instance 'cmos1_h_cnt[11]' of 'GTP_DFF_RE' unit is dangling and will be cleaned.
W: Public-4008: Instance 'cmos1_vs_in_d0' of 'GTP_DFF_R' unit is dangling and will be cleaned.
W: Public-4008: Instance 'cmos1_vs_in_d1' of 'GTP_DFF_R' unit is dangling and will be cleaned.
W: Public-4008: Instance 'out_state_0' of 'GTP_DFF_SE' unit is dangling and will be cleaned.
W: Public-4008: Instance 'out_state_2' of 'GTP_DFF_RE' unit is dangling and will be cleaned.
W: Public-4008: Instance 'out_state_3' of 'GTP_DFF_RE' unit is dangling and will be cleaned.
W: Public-4008: Instance 'out_state_4' of 'GTP_DFF_RE' unit is dangling and will be cleaned.
W: Public-4008: Instance 'out_state_5' of 'GTP_DFF_RE' unit is dangling and will be cleaned.
W: Public-4008: Instance 'out_state_6' of 'GTP_DFF_RE' unit is dangling and will be cleaned.
W: Public-4008: Instance 'eth_vesa_debug/de_d0' of 'GTP_DFF' unit is dangling and will be cleaned.
W: Public-4008: Instance 'eth_vesa_debug/de_d1' of 'GTP_DFF' unit is dangling and will be cleaned.
W: Public-4008: Instance 'eth_vesa_debug/vesa_data[0]' of 'GTP_DFF_RE' unit is dangling and will be cleaned.
W: Public-4008: Instance 'eth_vesa_debug/vesa_data[1]' of 'GTP_DFF_RE' unit is dangling and will be cleaned.
W: Public-4008: Instance 'eth_vesa_debug/vesa_data[2]' of 'GTP_DFF_RE' unit is dangling and will be cleaned.
W: Public-4008: Instance 'eth_vesa_debug/vesa_data[3]' of 'GTP_DFF_RE' unit is dangling and will be cleaned.
W: Public-4008: Instance 'eth_vesa_debug/vesa_data[4]' of 'GTP_DFF_RE' unit is dangling and will be cleaned.
W: Public-4008: Instance 'eth_vesa_debug/vesa_data[5]' of 'GTP_DFF_RE' unit is dangling and will be cleaned.
W: Public-4008: Instance 'eth_vesa_debug/vesa_data[6]' of 'GTP_DFF_RE' unit is dangling and will be cleaned.
W: Public-4008: Instance 'eth_vesa_debug/vesa_data[7]' of 'GTP_DFF_RE' unit is dangling and will be cleaned.
W: Public-4008: Instance 'eth_vesa_debug/vesa_data[8]' of 'GTP_DFF_SE' unit is dangling and will be cleaned.
W: Public-4008: Instance 'eth_vesa_debug/vesa_data[9]' of 'GTP_DFF_RE' unit is dangling and will be cleaned.
W: Public-4008: Instance 'eth_vesa_debug/vesa_data[10]' of 'GTP_DFF_SE' unit is dangling and will be cleaned.
W: Public-4008: Instance 'eth_vesa_debug/vesa_data[11]' of 'GTP_DFF_RE' unit is dangling and will be cleaned.
W: Public-4008: Instance 'eth_vesa_debug/vesa_data[12]' of 'GTP_DFF_RE' unit is dangling and will be cleaned.
W: Public-4008: Instance 'eth_vesa_debug/vesa_data[13]' of 'GTP_DFF_SE' unit is dangling and will be cleaned.
W: Public-4008: Instance 'eth_vesa_debug/vesa_data[14]' of 'GTP_DFF_RE' unit is dangling and will be cleaned.
W: Public-4008: Instance 'eth_vesa_debug/vesa_data[15]' of 'GTP_DFF_SE' unit is dangling and will be cleaned.
W: Public-4008: Instance 'user_axi_m_arbitration/r_x_act_d0[0]' of 'GTP_DFF_R' unit is dangling and will be cleaned.
W: Public-4008: Instance 'user_axi_m_arbitration/r_x_act_d0[1]' of 'GTP_DFF_R' unit is dangling and will be cleaned.
W: Public-4008: Instance 'user_axi_m_arbitration/r_x_act_d0[2]' of 'GTP_DFF_R' unit is dangling and will be cleaned.
W: Public-4008: Instance 'user_axi_m_arbitration/r_x_act_d0[3]' of 'GTP_DFF_R' unit is dangling and will be cleaned.
W: Public-4008: Instance 'user_axi_m_arbitration/r_x_act_d0[4]' of 'GTP_DFF_R' unit is dangling and will be cleaned.
W: Public-4008: Instance 'user_axi_m_arbitration/r_x_act_d0[5]' of 'GTP_DFF_R' unit is dangling and will be cleaned.
W: Public-4008: Instance 'user_axi_m_arbitration/r_x_act_d0[6]' of 'GTP_DFF_R' unit is dangling and will be cleaned.
W: Public-4008: Instance 'user_axi_m_arbitration/r_x_act_d0[7]' of 'GTP_DFF_R' unit is dangling and will be cleaned.
W: Public-4008: Instance 'user_axi_m_arbitration/r_x_act_d0[8]' of 'GTP_DFF_R' unit is dangling and will be cleaned.
W: Public-4008: Instance 'user_axi_m_arbitration/r_x_act_d0[9]' of 'GTP_DFF_R' unit is dangling and will be cleaned.
W: Public-4008: Instance 'user_axi_m_arbitration/r_x_act_d0[10]' of 'GTP_DFF_R' unit is dangling and will be cleaned.
W: Public-4008: Instance 'user_axi_m_arbitration/r_x_act_d0[11]' of 'GTP_DFF_R' unit is dangling and will be cleaned.
W: Public-4008: Instance 'user_axi_m_arbitration/r_y_act_d0[0]' of 'GTP_DFF_R' unit is dangling and will be cleaned.
W: Public-4008: Instance 'user_axi_m_arbitration/r_y_act_d0[1]' of 'GTP_DFF_R' unit is dangling and will be cleaned.
W: Public-4008: Instance 'user_axi_m_arbitration/r_y_act_d0[2]' of 'GTP_DFF_R' unit is dangling and will be cleaned.
W: Public-4008: Instance 'user_axi_m_arbitration/r_y_act_d0[3]' of 'GTP_DFF_R' unit is dangling and will be cleaned.
W: Public-4008: Instance 'user_axi_m_arbitration/r_y_act_d0[4]' of 'GTP_DFF_R' unit is dangling and will be cleaned.
W: Public-4008: Instance 'user_axi_m_arbitration/r_y_act_d0[5]' of 'GTP_DFF_R' unit is dangling and will be cleaned.
W: Public-4008: Instance 'user_axi_m_arbitration/r_y_act_d0[6]' of 'GTP_DFF_R' unit is dangling and will be cleaned.
W: Public-4008: Instance 'user_axi_m_arbitration/r_y_act_d0[7]' of 'GTP_DFF_R' unit is dangling and will be cleaned.
W: Public-4008: Instance 'user_axi_m_arbitration/r_y_act_d0[8]' of 'GTP_DFF_R' unit is dangling and will be cleaned.
W: Public-4008: Instance 'user_axi_m_arbitration/r_y_act_d0[9]' of 'GTP_DFF_R' unit is dangling and will be cleaned.
W: Public-4008: Instance 'user_axi_m_arbitration/r_y_act_d0[10]' of 'GTP_DFF_R' unit is dangling and will be cleaned.
W: Public-4008: Instance 'user_axi_m_arbitration/r_y_act_d0[11]' of 'GTP_DFF_R' unit is dangling and will be cleaned.
W: Public-4008: Instance 'user_sync_gen/y_act[0]' of 'GTP_DFF_R' unit is dangling and will be cleaned.
W: Public-4008: Instance 'user_sync_gen/y_act[1]' of 'GTP_DFF_R' unit is dangling and will be cleaned.
W: Public-4008: Instance 'user_video_zoom/de_in_cnt[0]' of 'GTP_DFF_RE' unit is dangling and will be cleaned.
W: Public-4008: Instance 'user_video_zoom/de_in_cnt[1]' of 'GTP_DFF_RE' unit is dangling and will be cleaned.
W: Public-4008: Instance 'user_video_zoom/de_in_cnt[2]' of 'GTP_DFF_RE' unit is dangling and will be cleaned.
W: Public-4008: Instance 'user_video_zoom/de_in_cnt[3]' of 'GTP_DFF_RE' unit is dangling and will be cleaned.
W: Public-4008: Instance 'user_video_zoom/de_in_cnt[4]' of 'GTP_DFF_RE' unit is dangling and will be cleaned.
W: Public-4008: Instance 'user_video_zoom/de_in_cnt[5]' of 'GTP_DFF_RE' unit is dangling and will be cleaned.
W: Public-4008: Instance 'user_video_zoom/de_in_cnt[6]' of 'GTP_DFF_RE' unit is dangling and will be cleaned.
W: Public-4008: Instance 'user_video_zoom/de_in_cnt[7]' of 'GTP_DFF_RE' unit is dangling and will be cleaned.
W: Public-4008: Instance 'user_video_zoom/de_in_cnt[8]' of 'GTP_DFF_RE' unit is dangling and will be cleaned.
W: Public-4008: Instance 'user_video_zoom/de_in_cnt[9]' of 'GTP_DFF_RE' unit is dangling and will be cleaned.
W: Public-4008: Instance 'user_video_zoom/de_in_cnt[10]' of 'GTP_DFF_RE' unit is dangling and will be cleaned.
W: Public-4008: Instance 'user_video_zoom/de_in_cnt[11]' of 'GTP_DFF_RE' unit is dangling and will be cleaned.
W: Public-4008: Instance 'user_video_zoom/de_in_d1' of 'GTP_DFF_R' unit is dangling and will be cleaned.
W: Public-4008: Instance 'user_video_zoom/de_in_state' of 'GTP_DFF' unit is dangling and will be cleaned.
W: Public-4008: Instance 'user_video_zoom/de_out_cnt[0]' of 'GTP_DFF_RE' unit is dangling and will be cleaned.
W: Public-4008: Instance 'user_video_zoom/de_out_cnt[1]' of 'GTP_DFF_RE' unit is dangling and will be cleaned.
W: Public-4008: Instance 'user_video_zoom/de_out_cnt[2]' of 'GTP_DFF_RE' unit is dangling and will be cleaned.
W: Public-4008: Instance 'user_video_zoom/de_out_cnt[3]' of 'GTP_DFF_RE' unit is dangling and will be cleaned.
W: Public-4008: Instance 'user_video_zoom/de_out_cnt[4]' of 'GTP_DFF_RE' unit is dangling and will be cleaned.
W: Public-4008: Instance 'user_video_zoom/de_out_cnt[5]' of 'GTP_DFF_RE' unit is dangling and will be cleaned.
W: Public-4008: Instance 'user_video_zoom/de_out_cnt[6]' of 'GTP_DFF_RE' unit is dangling and will be cleaned.
W: Public-4008: Instance 'user_video_zoom/de_out_cnt[7]' of 'GTP_DFF_RE' unit is dangling and will be cleaned.
W: Public-4008: Instance 'user_video_zoom/de_out_cnt[8]' of 'GTP_DFF_RE' unit is dangling and will be cleaned.
W: Public-4008: Instance 'user_video_zoom/de_out_cnt[9]' of 'GTP_DFF_RE' unit is dangling and will be cleaned.
W: Public-4008: Instance 'user_video_zoom/de_out_cnt[10]' of 'GTP_DFF_RE' unit is dangling and will be cleaned.
W: Public-4008: Instance 'user_video_zoom/de_out_cnt[11]' of 'GTP_DFF_RE' unit is dangling and will be cleaned.
W: Public-4008: Instance 'user_video_zoom/de_out_ff[0]' of 'GTP_DFF_R' unit is dangling and will be cleaned.
W: Public-4008: Instance 'user_video_zoom/de_out_ff[1]' of 'GTP_DFF_R' unit is dangling and will be cleaned.
W: Public-4008: Instance 'user_video_zoom/de_out_ff[2]' of 'GTP_DFF_R' unit is dangling and will be cleaned.
W: Public-4008: Instance 'user_video_zoom/de_out_ff[3]' of 'GTP_DFF_R' unit is dangling and will be cleaned.
W: Public-4008: Instance 'user_video_zoom/de_out_ff[4]' of 'GTP_DFF_R' unit is dangling and will be cleaned.
W: Public-4008: Instance 'user_video_zoom/de_out_ff[5]' of 'GTP_DFF_R' unit is dangling and will be cleaned.
W: Public-4008: Instance 'user_video_zoom/de_out_ff[6]' of 'GTP_DFF_R' unit is dangling and will be cleaned.
W: Public-4008: Instance 'user_video_zoom/de_out_ff[7]' of 'GTP_DFF_R' unit is dangling and will be cleaned.
W: Public-4008: Instance 'user_video_zoom/de_out_ff[8]' of 'GTP_DFF_R' unit is dangling and will be cleaned.
W: Public-4008: Instance 'user_video_zoom/de_out_ff[9]' of 'GTP_DFF_R' unit is dangling and will be cleaned.
W: Public-4008: Instance 'user_video_zoom/de_out_ff[10]' of 'GTP_DFF_R' unit is dangling and will be cleaned.
W: Public-4008: Instance 'user_video_zoom/de_out_ff[11]' of 'GTP_DFF_R' unit is dangling and will be cleaned.
W: Public-4008: Instance 'user_video_zoom/de_out_ff[12]' of 'GTP_DFF_R' unit is dangling and will be cleaned.
W: Public-4008: Instance 'user_video_zoom/de_out_ff[13]' of 'GTP_DFF_R' unit is dangling and will be cleaned.
W: Public-4008: Instance 'user_video_zoom/de_out_ff[14]' of 'GTP_DFF_R' unit is dangling and will be cleaned.
W: Public-4008: Instance 'user_video_zoom/de_out_ff[15]' of 'GTP_DFF_R' unit is dangling and will be cleaned.
W: Public-4008: Instance 'user_video_zoom/de_out_ff[16]' of 'GTP_DFF_R' unit is dangling and will be cleaned.
W: Public-4008: Instance 'user_video_zoom/de_out_ff[17]' of 'GTP_DFF_R' unit is dangling and will be cleaned.
W: Public-4008: Instance 'user_video_zoom/de_out_ff[18]' of 'GTP_DFF_R' unit is dangling and will be cleaned.
W: Public-4008: Instance 'user_video_zoom/de_out_ff[19]' of 'GTP_DFF_R' unit is dangling and will be cleaned.
W: Public-4008: Instance 'user_video_zoom/pix_cnt[0]' of 'GTP_DFF_R' unit is dangling and will be cleaned.
W: Public-4008: Instance 'user_video_zoom/pix_cnt[1]' of 'GTP_DFF_R' unit is dangling and will be cleaned.
W: Public-4008: Instance 'user_video_zoom/pix_cnt[2]' of 'GTP_DFF_R' unit is dangling and will be cleaned.
W: Public-4008: Instance 'user_video_zoom/pix_cnt[3]' of 'GTP_DFF_R' unit is dangling and will be cleaned.
W: Public-4008: Instance 'user_video_zoom/pix_cnt[4]' of 'GTP_DFF_R' unit is dangling and will be cleaned.
W: Public-4008: Instance 'user_video_zoom/pix_cnt[5]' of 'GTP_DFF_R' unit is dangling and will be cleaned.
W: Public-4008: Instance 'user_video_zoom/pix_cnt[6]' of 'GTP_DFF_R' unit is dangling and will be cleaned.
W: Public-4008: Instance 'user_video_zoom/pix_cnt[7]' of 'GTP_DFF_R' unit is dangling and will be cleaned.
W: Public-4008: Instance 'user_video_zoom/pix_cnt[8]' of 'GTP_DFF_R' unit is dangling and will be cleaned.
W: Public-4008: Instance 'user_video_zoom/pix_cnt[9]' of 'GTP_DFF_R' unit is dangling and will be cleaned.
W: Public-4008: Instance 'user_video_zoom/pix_cnt[10]' of 'GTP_DFF_R' unit is dangling and will be cleaned.
W: Public-4008: Instance 'user_video_zoom/ram0_rd_oce' of 'GTP_DFF' unit is dangling and will be cleaned.
W: Public-4008: Instance 'u_udp/u_udp_rx/rec_byte_num[0]' of 'GTP_DFF_CE' unit is dangling and will be cleaned.
W: Public-4008: Instance 'u_udp/u_udp_rx/rec_byte_num[1]' of 'GTP_DFF_CE' unit is dangling and will be cleaned.
W: Public-4008: Instance 'u_udp/u_udp_rx/rec_byte_num[2]' of 'GTP_DFF_CE' unit is dangling and will be cleaned.
W: Public-4008: Instance 'u_udp/u_udp_rx/rec_byte_num[3]' of 'GTP_DFF_CE' unit is dangling and will be cleaned.
W: Public-4008: Instance 'u_udp/u_udp_rx/rec_byte_num[4]' of 'GTP_DFF_CE' unit is dangling and will be cleaned.
W: Public-4008: Instance 'u_udp/u_udp_rx/rec_byte_num[5]' of 'GTP_DFF_CE' unit is dangling and will be cleaned.
W: Public-4008: Instance 'u_udp/u_udp_rx/rec_byte_num[6]' of 'GTP_DFF_CE' unit is dangling and will be cleaned.
W: Public-4008: Instance 'u_udp/u_udp_rx/rec_byte_num[7]' of 'GTP_DFF_CE' unit is dangling and will be cleaned.
W: Public-4008: Instance 'u_udp/u_udp_rx/rec_byte_num[8]' of 'GTP_DFF_CE' unit is dangling and will be cleaned.
W: Public-4008: Instance 'u_udp/u_udp_rx/rec_byte_num[9]' of 'GTP_DFF_CE' unit is dangling and will be cleaned.
W: Public-4008: Instance 'u_udp/u_udp_rx/rec_byte_num[10]' of 'GTP_DFF_CE' unit is dangling and will be cleaned.
W: Public-4008: Instance 'u_udp/u_udp_rx/rec_byte_num[11]' of 'GTP_DFF_CE' unit is dangling and will be cleaned.
W: Public-4008: Instance 'u_udp/u_udp_rx/rec_byte_num[12]' of 'GTP_DFF_CE' unit is dangling and will be cleaned.
W: Public-4008: Instance 'u_udp/u_udp_rx/rec_byte_num[13]' of 'GTP_DFF_CE' unit is dangling and will be cleaned.
W: Public-4008: Instance 'u_udp/u_udp_rx/rec_byte_num[14]' of 'GTP_DFF_CE' unit is dangling and will be cleaned.
W: Public-4008: Instance 'u_udp/u_udp_rx/rec_byte_num[15]' of 'GTP_DFF_CE' unit is dangling and will be cleaned.
W: Public-4008: Instance 'u_udp/u_udp_rx/rec_pkt_done' of 'GTP_DFF_C' unit is dangling and will be cleaned.
W: Public-4008: Instance 'user_hdmi_ctrl/user_ms7200_ctrl/freq_rec[0]' of 'GTP_DFF_RE' unit is dangling and will be cleaned.
W: Public-4008: Instance 'user_hdmi_ctrl/user_ms7200_ctrl/freq_rec[1]' of 'GTP_DFF_RE' unit is dangling and will be cleaned.
W: Public-4008: Instance 'user_hdmi_ctrl/user_ms7200_ctrl/freq_rec_1d[0]' of 'GTP_DFF' unit is dangling and will be cleaned.
W: Public-4008: Instance 'user_hdmi_ctrl/user_ms7200_ctrl/freq_rec_1d[1]' of 'GTP_DFF' unit is dangling and will be cleaned.
W: Public-4008: Instance 'user_hdmi_ctrl/user_ms7200_ctrl/freq_rec_1d[2]' of 'GTP_DFF' unit is dangling and will be cleaned.
W: Public-4008: Instance 'user_hdmi_ctrl/user_ms7200_ctrl/freq_rec_1d[3]' of 'GTP_DFF' unit is dangling and will be cleaned.
W: Public-4008: Instance 'user_hdmi_ctrl/user_ms7200_ctrl/freq_rec_1d[4]' of 'GTP_DFF' unit is dangling and will be cleaned.
W: Public-4008: Instance 'user_hdmi_ctrl/user_ms7200_ctrl/freq_rec_1d[5]' of 'GTP_DFF' unit is dangling and will be cleaned.
W: Public-4008: Instance 'user_hdmi_ctrl/user_ms7200_ctrl/freq_rec_1d[6]' of 'GTP_DFF' unit is dangling and will be cleaned.
W: Public-4008: Instance 'user_hdmi_ctrl/user_ms7200_ctrl/freq_rec_1d[7]' of 'GTP_DFF' unit is dangling and will be cleaned.
W: Public-4008: Instance 'user_hdmi_ctrl/user_ms7200_ctrl/freq_rec_1d[8]' of 'GTP_DFF' unit is dangling and will be cleaned.
W: Public-4008: Instance 'user_hdmi_ctrl/user_ms7200_ctrl/freq_rec_1d[9]' of 'GTP_DFF' unit is dangling and will be cleaned.
W: Public-4008: Instance 'user_hdmi_ctrl/user_ms7200_ctrl/freq_rec_1d[10]' of 'GTP_DFF' unit is dangling and will be cleaned.
W: Public-4008: Instance 'user_hdmi_ctrl/user_ms7200_ctrl/freq_rec_1d[11]' of 'GTP_DFF' unit is dangling and will be cleaned.
W: Public-4008: Instance 'user_hdmi_ctrl/user_ms7200_ctrl/freq_rec_1d[12]' of 'GTP_DFF' unit is dangling and will be cleaned.
W: Public-4008: Instance 'user_hdmi_ctrl/user_ms7200_ctrl/freq_rec_1d[13]' of 'GTP_DFF' unit is dangling and will be cleaned.
W: Public-4008: Instance 'user_hdmi_ctrl/user_ms7200_ctrl/freq_rec_1d[14]' of 'GTP_DFF' unit is dangling and will be cleaned.
W: Public-4008: Instance 'user_hdmi_ctrl/user_ms7200_ctrl/freq_rec_1d[15]' of 'GTP_DFF' unit is dangling and will be cleaned.
W: Public-4008: Instance 'user_hdmi_ctrl/user_ms7200_ctrl/freq_rec_1d[18]' of 'GTP_DFF' unit is dangling and will be cleaned.
W: Public-4008: Instance 'user_hdmi_ctrl/user_ms7200_ctrl/freq_rec_1d[19]' of 'GTP_DFF' unit is dangling and will be cleaned.
W: Public-4008: Instance 'user_hdmi_ctrl/user_ms7200_ctrl/freq_rec_1d[20]' of 'GTP_DFF' unit is dangling and will be cleaned.
W: Public-4008: Instance 'user_hdmi_ctrl/user_ms7200_ctrl/freq_rec_1d[21]' of 'GTP_DFF' unit is dangling and will be cleaned.
W: Public-4008: Instance 'user_hdmi_ctrl/user_ms7200_ctrl/freq_rec_1d[22]' of 'GTP_DFF' unit is dangling and will be cleaned.
W: Public-4008: Instance 'user_hdmi_ctrl/user_ms7200_ctrl/freq_rec_1d[23]' of 'GTP_DFF' unit is dangling and will be cleaned.
W: Public-4008: Instance 'user_hdmi_ctrl/user_ms7200_ctrl/freq_rec_1d[24]' of 'GTP_DFF' unit is dangling and will be cleaned.
W: Public-4008: Instance 'user_hdmi_ctrl/user_ms7200_ctrl/freq_rec_1d[25]' of 'GTP_DFF' unit is dangling and will be cleaned.
W: Public-4008: Instance 'user_hdmi_ctrl/user_ms7200_ctrl/freq_rec_1d[26]' of 'GTP_DFF' unit is dangling and will be cleaned.
W: Public-4008: Instance 'user_hdmi_ctrl/user_ms7200_ctrl/freq_rec_1d[27]' of 'GTP_DFF' unit is dangling and will be cleaned.
W: Public-4008: Instance 'user_hdmi_ctrl/user_ms7200_ctrl/freq_rec_1d[28]' of 'GTP_DFF' unit is dangling and will be cleaned.
W: Public-4008: Instance 'user_hdmi_ctrl/user_ms7200_ctrl/freq_rec_1d[29]' of 'GTP_DFF' unit is dangling and will be cleaned.
W: Public-4008: Instance 'user_hdmi_ctrl/user_ms7200_ctrl/freq_rec_1d[30]' of 'GTP_DFF' unit is dangling and will be cleaned.
W: Public-4008: Instance 'user_hdmi_ctrl/user_ms7200_ctrl/freq_rec_1d[31]' of 'GTP_DFF' unit is dangling and will be cleaned.
W: Public-4008: Instance 'user_hdmi_ctrl/user_ms7200_ctrl/freq_rec[2]' of 'GTP_DFF_RE' unit is dangling and will be cleaned.
W: Public-4008: Instance 'user_hdmi_ctrl/user_ms7200_ctrl/freq_rec_2d[0]' of 'GTP_DFF_E' unit is dangling and will be cleaned.
W: Public-4008: Instance 'user_hdmi_ctrl/user_ms7200_ctrl/freq_rec_2d[1]' of 'GTP_DFF_E' unit is dangling and will be cleaned.
W: Public-4008: Instance 'user_hdmi_ctrl/user_ms7200_ctrl/freq_rec_2d[2]' of 'GTP_DFF_E' unit is dangling and will be cleaned.
W: Public-4008: Instance 'user_hdmi_ctrl/user_ms7200_ctrl/freq_rec_2d[3]' of 'GTP_DFF_E' unit is dangling and will be cleaned.
W: Public-4008: Instance 'user_hdmi_ctrl/user_ms7200_ctrl/freq_rec_2d[4]' of 'GTP_DFF_E' unit is dangling and will be cleaned.
W: Public-4008: Instance 'user_hdmi_ctrl/user_ms7200_ctrl/freq_rec_2d[5]' of 'GTP_DFF_E' unit is dangling and will be cleaned.
W: Public-4008: Instance 'user_hdmi_ctrl/user_ms7200_ctrl/freq_rec_2d[6]' of 'GTP_DFF_E' unit is dangling and will be cleaned.
W: Public-4008: Instance 'user_hdmi_ctrl/user_ms7200_ctrl/freq_rec_2d[7]' of 'GTP_DFF_E' unit is dangling and will be cleaned.
W: Public-4008: Instance 'user_hdmi_ctrl/user_ms7200_ctrl/freq_rec_2d[8]' of 'GTP_DFF_E' unit is dangling and will be cleaned.
W: Public-4008: Instance 'user_hdmi_ctrl/user_ms7200_ctrl/freq_rec_2d[9]' of 'GTP_DFF_E' unit is dangling and will be cleaned.
W: Public-4008: Instance 'user_hdmi_ctrl/user_ms7200_ctrl/freq_rec_2d[10]' of 'GTP_DFF_E' unit is dangling and will be cleaned.
W: Public-4008: Instance 'user_hdmi_ctrl/user_ms7200_ctrl/freq_rec_2d[11]' of 'GTP_DFF_E' unit is dangling and will be cleaned.
W: Public-4008: Instance 'user_hdmi_ctrl/user_ms7200_ctrl/freq_rec_2d[12]' of 'GTP_DFF_E' unit is dangling and will be cleaned.
W: Public-4008: Instance 'user_hdmi_ctrl/user_ms7200_ctrl/freq_rec_2d[13]' of 'GTP_DFF_E' unit is dangling and will be cleaned.
W: Public-4008: Instance 'user_hdmi_ctrl/user_ms7200_ctrl/freq_rec_2d[14]' of 'GTP_DFF_E' unit is dangling and will be cleaned.
W: Public-4008: Instance 'user_hdmi_ctrl/user_ms7200_ctrl/freq_rec_2d[15]' of 'GTP_DFF_E' unit is dangling and will be cleaned.
W: Public-4008: Instance 'user_hdmi_ctrl/user_ms7200_ctrl/freq_rec_2d[18]' of 'GTP_DFF_E' unit is dangling and will be cleaned.
W: Public-4008: Instance 'user_hdmi_ctrl/user_ms7200_ctrl/freq_rec_2d[19]' of 'GTP_DFF_E' unit is dangling and will be cleaned.
W: Public-4008: Instance 'user_hdmi_ctrl/user_ms7200_ctrl/freq_rec_2d[20]' of 'GTP_DFF_E' unit is dangling and will be cleaned.
W: Public-4008: Instance 'user_hdmi_ctrl/user_ms7200_ctrl/freq_rec_2d[21]' of 'GTP_DFF_E' unit is dangling and will be cleaned.
W: Public-4008: Instance 'user_hdmi_ctrl/user_ms7200_ctrl/freq_rec_2d[22]' of 'GTP_DFF_E' unit is dangling and will be cleaned.
W: Public-4008: Instance 'user_hdmi_ctrl/user_ms7200_ctrl/freq_rec_2d[23]' of 'GTP_DFF_E' unit is dangling and will be cleaned.
W: Public-4008: Instance 'user_hdmi_ctrl/user_ms7200_ctrl/freq_rec_2d[24]' of 'GTP_DFF_E' unit is dangling and will be cleaned.
W: Public-4008: Instance 'user_hdmi_ctrl/user_ms7200_ctrl/freq_rec_2d[25]' of 'GTP_DFF_E' unit is dangling and will be cleaned.
W: Public-4008: Instance 'user_hdmi_ctrl/user_ms7200_ctrl/freq_rec_2d[26]' of 'GTP_DFF_E' unit is dangling and will be cleaned.
W: Public-4008: Instance 'user_hdmi_ctrl/user_ms7200_ctrl/freq_rec_2d[27]' of 'GTP_DFF_E' unit is dangling and will be cleaned.
W: Public-4008: Instance 'user_hdmi_ctrl/user_ms7200_ctrl/freq_rec_2d[28]' of 'GTP_DFF_E' unit is dangling and will be cleaned.
W: Public-4008: Instance 'user_hdmi_ctrl/user_ms7200_ctrl/freq_rec_2d[29]' of 'GTP_DFF_E' unit is dangling and will be cleaned.
W: Public-4008: Instance 'user_hdmi_ctrl/user_ms7200_ctrl/freq_rec_2d[30]' of 'GTP_DFF_E' unit is dangling and will be cleaned.
W: Public-4008: Instance 'user_hdmi_ctrl/user_ms7200_ctrl/freq_rec_2d[31]' of 'GTP_DFF_E' unit is dangling and will be cleaned.
W: Public-4008: Instance 'user_hdmi_ctrl/user_ms7200_ctrl/freq_rec[3]' of 'GTP_DFF_RE' unit is dangling and will be cleaned.
W: Public-4008: Instance 'user_hdmi_ctrl/user_ms7200_ctrl/freq_rec[4]' of 'GTP_DFF_RE' unit is dangling and will be cleaned.
W: Public-4008: Instance 'user_hdmi_ctrl/user_ms7200_ctrl/freq_rec[5]' of 'GTP_DFF_RE' unit is dangling and will be cleaned.
W: Public-4008: Instance 'user_hdmi_ctrl/user_ms7200_ctrl/freq_rec[6]' of 'GTP_DFF_RE' unit is dangling and will be cleaned.
W: Public-4008: Instance 'user_hdmi_ctrl/user_ms7200_ctrl/freq_rec[7]' of 'GTP_DFF_RE' unit is dangling and will be cleaned.
W: Public-4008: Instance 'user_hdmi_ctrl/user_ms7200_ctrl/freq_rec[8]' of 'GTP_DFF_RE' unit is dangling and will be cleaned.
W: Public-4008: Instance 'user_hdmi_ctrl/user_ms7200_ctrl/freq_rec[9]' of 'GTP_DFF_RE' unit is dangling and will be cleaned.
W: Public-4008: Instance 'user_hdmi_ctrl/user_ms7200_ctrl/freq_rec[10]' of 'GTP_DFF_RE' unit is dangling and will be cleaned.
W: Public-4008: Instance 'user_hdmi_ctrl/user_ms7200_ctrl/freq_rec[11]' of 'GTP_DFF_RE' unit is dangling and will be cleaned.
W: Public-4008: Instance 'user_hdmi_ctrl/user_ms7200_ctrl/freq_rec[12]' of 'GTP_DFF_RE' unit is dangling and will be cleaned.
W: Public-4008: Instance 'user_hdmi_ctrl/user_ms7200_ctrl/freq_rec[13]' of 'GTP_DFF_RE' unit is dangling and will be cleaned.
W: Public-4008: Instance 'user_hdmi_ctrl/user_ms7200_ctrl/freq_rec[14]' of 'GTP_DFF_RE' unit is dangling and will be cleaned.
W: Public-4008: Instance 'user_hdmi_ctrl/user_ms7200_ctrl/freq_rec[15]' of 'GTP_DFF_RE' unit is dangling and will be cleaned.
W: Public-4008: Instance 'user_hdmi_ctrl/user_ms7200_ctrl/freq_rec[18]' of 'GTP_DFF_RE' unit is dangling and will be cleaned.
W: Public-4008: Instance 'user_hdmi_ctrl/user_ms7200_ctrl/freq_rec[19]' of 'GTP_DFF_RE' unit is dangling and will be cleaned.
W: Public-4008: Instance 'user_hdmi_ctrl/user_ms7200_ctrl/freq_rec[20]' of 'GTP_DFF_RE' unit is dangling and will be cleaned.
W: Public-4008: Instance 'user_hdmi_ctrl/user_ms7200_ctrl/freq_rec[21]' of 'GTP_DFF_RE' unit is dangling and will be cleaned.
W: Public-4008: Instance 'user_hdmi_ctrl/user_ms7200_ctrl/freq_rec[22]' of 'GTP_DFF_RE' unit is dangling and will be cleaned.
W: Public-4008: Instance 'user_hdmi_ctrl/user_ms7200_ctrl/freq_rec[23]' of 'GTP_DFF_RE' unit is dangling and will be cleaned.
W: Public-4008: Instance 'user_hdmi_ctrl/user_ms7200_ctrl/freq_rec[24]' of 'GTP_DFF_RE' unit is dangling and will be cleaned.
W: Public-4008: Instance 'user_hdmi_ctrl/user_ms7200_ctrl/freq_rec[25]' of 'GTP_DFF_RE' unit is dangling and will be cleaned.
W: Public-4008: Instance 'user_hdmi_ctrl/user_ms7200_ctrl/freq_rec[26]' of 'GTP_DFF_RE' unit is dangling and will be cleaned.
W: Public-4008: Instance 'user_hdmi_ctrl/user_ms7200_ctrl/freq_rec[27]' of 'GTP_DFF_RE' unit is dangling and will be cleaned.
W: Public-4008: Instance 'user_hdmi_ctrl/user_ms7200_ctrl/freq_rec[28]' of 'GTP_DFF_RE' unit is dangling and will be cleaned.
W: Public-4008: Instance 'user_hdmi_ctrl/user_ms7200_ctrl/freq_rec[29]' of 'GTP_DFF_RE' unit is dangling and will be cleaned.
W: Public-4008: Instance 'user_hdmi_ctrl/user_ms7200_ctrl/freq_rec[30]' of 'GTP_DFF_RE' unit is dangling and will be cleaned.
W: Public-4008: Instance 'user_hdmi_ctrl/user_ms7200_ctrl/freq_rec[31]' of 'GTP_DFF_RE' unit is dangling and will be cleaned.
W: Public-4008: Instance 'I_ipsxb_ddr_top/u_ddrphy_top/ddrphy_slice_top/u_slice_rddata_align/dqs_read_data_r[0]' of 'GTP_DFF_C' unit is dangling and will be cleaned.
W: Public-4008: Instance 'I_ipsxb_ddr_top/u_ddrphy_top/ddrphy_slice_top/u_slice_rddata_align/dqs_read_data_r[1]' of 'GTP_DFF_C' unit is dangling and will be cleaned.
W: Public-4008: Instance 'I_ipsxb_ddr_top/u_ddrphy_top/ddrphy_slice_top/u_slice_rddata_align/dqs_read_data_r[2]' of 'GTP_DFF_C' unit is dangling and will be cleaned.
W: Public-4008: Instance 'I_ipsxb_ddr_top/u_ddrphy_top/ddrphy_slice_top/u_slice_rddata_align/dqs_read_data_r[3]' of 'GTP_DFF_C' unit is dangling and will be cleaned.
W: Public-4008: Instance 'I_ipsxb_ddr_top/u_ddrphy_top/ddrphy_slice_top/u_slice_rddata_align/dqs_read_data_r[4]' of 'GTP_DFF_C' unit is dangling and will be cleaned.
W: Public-4008: Instance 'I_ipsxb_ddr_top/u_ddrphy_top/ddrphy_slice_top/u_slice_rddata_align/dqs_read_data_r[5]' of 'GTP_DFF_C' unit is dangling and will be cleaned.
W: Public-4008: Instance 'I_ipsxb_ddr_top/u_ddrphy_top/ddrphy_slice_top/u_slice_rddata_align/dqs_read_data_r[6]' of 'GTP_DFF_C' unit is dangling and will be cleaned.
W: Public-4008: Instance 'I_ipsxb_ddr_top/u_ddrphy_top/ddrphy_slice_top/u_slice_rddata_align/dqs_read_data_r[7]' of 'GTP_DFF_C' unit is dangling and will be cleaned.
W: Public-4008: Instance 'I_ipsxb_ddr_top/u_ddrphy_top/ddrphy_slice_top/u_slice_rddata_align/dqs_read_data_r[8]' of 'GTP_DFF_C' unit is dangling and will be cleaned.
W: Public-4008: Instance 'I_ipsxb_ddr_top/u_ddrphy_top/ddrphy_slice_top/u_slice_rddata_align/dqs_read_data_r[9]' of 'GTP_DFF_C' unit is dangling and will be cleaned.
W: Public-4008: Instance 'I_ipsxb_ddr_top/u_ddrphy_top/ddrphy_slice_top/u_slice_rddata_align/dqs_read_data_r[10]' of 'GTP_DFF_C' unit is dangling and will be cleaned.
W: Public-4008: Instance 'I_ipsxb_ddr_top/u_ddrphy_top/ddrphy_slice_top/u_slice_rddata_align/dqs_read_data_r[11]' of 'GTP_DFF_C' unit is dangling and will be cleaned.
W: Public-4008: Instance 'I_ipsxb_ddr_top/u_ddrphy_top/ddrphy_slice_top/u_slice_rddata_align/dqs_read_data_r[12]' of 'GTP_DFF_C' unit is dangling and will be cleaned.
W: Public-4008: Instance 'I_ipsxb_ddr_top/u_ddrphy_top/ddrphy_slice_top/u_slice_rddata_align/dqs_read_data_r[13]' of 'GTP_DFF_C' unit is dangling and will be cleaned.
W: Public-4008: Instance 'I_ipsxb_ddr_top/u_ddrphy_top/ddrphy_slice_top/u_slice_rddata_align/dqs_read_data_r[14]' of 'GTP_DFF_C' unit is dangling and will be cleaned.
W: Public-4008: Instance 'I_ipsxb_ddr_top/u_ddrphy_top/ddrphy_slice_top/u_slice_rddata_align/dqs_read_data_r[15]' of 'GTP_DFF_C' unit is dangling and will be cleaned.
W: Public-4008: Instance 'I_ipsxb_ddr_top/u_ddrphy_top/ddrphy_slice_top/u_slice_rddata_align/dqs_read_data_r[16]' of 'GTP_DFF_C' unit is dangling and will be cleaned.
W: Public-4008: Instance 'I_ipsxb_ddr_top/u_ddrphy_top/ddrphy_slice_top/u_slice_rddata_align/dqs_read_data_r[17]' of 'GTP_DFF_C' unit is dangling and will be cleaned.
W: Public-4008: Instance 'I_ipsxb_ddr_top/u_ddrphy_top/ddrphy_slice_top/u_slice_rddata_align/dqs_read_data_r[18]' of 'GTP_DFF_C' unit is dangling and will be cleaned.
W: Public-4008: Instance 'I_ipsxb_ddr_top/u_ddrphy_top/ddrphy_slice_top/u_slice_rddata_align/dqs_read_data_r[19]' of 'GTP_DFF_C' unit is dangling and will be cleaned.
W: Public-4008: Instance 'I_ipsxb_ddr_top/u_ddrphy_top/ddrphy_slice_top/u_slice_rddata_align/dqs_read_data_r[20]' of 'GTP_DFF_C' unit is dangling and will be cleaned.
W: Public-4008: Instance 'I_ipsxb_ddr_top/u_ddrphy_top/ddrphy_slice_top/u_slice_rddata_align/dqs_read_data_r[21]' of 'GTP_DFF_C' unit is dangling and will be cleaned.
W: Public-4008: Instance 'I_ipsxb_ddr_top/u_ddrphy_top/ddrphy_slice_top/u_slice_rddata_align/dqs_read_data_r[22]' of 'GTP_DFF_C' unit is dangling and will be cleaned.
W: Public-4008: Instance 'I_ipsxb_ddr_top/u_ddrphy_top/ddrphy_slice_top/u_slice_rddata_align/dqs_read_data_r[23]' of 'GTP_DFF_C' unit is dangling and will be cleaned.
W: Public-4008: Instance 'I_ipsxb_ddr_top/u_ddrphy_top/ddrphy_slice_top/u_slice_rddata_align/dqs_read_data_r[24]' of 'GTP_DFF_C' unit is dangling and will be cleaned.
W: Public-4008: Instance 'I_ipsxb_ddr_top/u_ddrphy_top/ddrphy_slice_top/u_slice_rddata_align/dqs_read_data_r[25]' of 'GTP_DFF_C' unit is dangling and will be cleaned.
W: Public-4008: Instance 'I_ipsxb_ddr_top/u_ddrphy_top/ddrphy_slice_top/u_slice_rddata_align/dqs_read_data_r[26]' of 'GTP_DFF_C' unit is dangling and will be cleaned.
W: Public-4008: Instance 'I_ipsxb_ddr_top/u_ddrphy_top/ddrphy_slice_top/u_slice_rddata_align/dqs_read_data_r[27]' of 'GTP_DFF_C' unit is dangling and will be cleaned.
W: Public-4008: Instance 'I_ipsxb_ddr_top/u_ddrphy_top/ddrphy_slice_top/u_slice_rddata_align/dqs_read_data_r[28]' of 'GTP_DFF_C' unit is dangling and will be cleaned.
W: Public-4008: Instance 'I_ipsxb_ddr_top/u_ddrphy_top/ddrphy_slice_top/u_slice_rddata_align/dqs_read_data_r[29]' of 'GTP_DFF_C' unit is dangling and will be cleaned.
W: Public-4008: Instance 'I_ipsxb_ddr_top/u_ddrphy_top/ddrphy_slice_top/u_slice_rddata_align/dqs_read_data_r[30]' of 'GTP_DFF_C' unit is dangling and will be cleaned.
W: Public-4008: Instance 'I_ipsxb_ddr_top/u_ddrphy_top/ddrphy_slice_top/u_slice_rddata_align/dqs_read_data_r[31]' of 'GTP_DFF_C' unit is dangling and will be cleaned.
W: Public-4008: Instance 'user_axi_m_arbitration/user_rw_fifo_ctrl0/user_read_ddr_fifo/U_ipml_fifo_read_ddr_fifo/U_ipml_fifo_ctrl/wr_water_level[0]' of 'GTP_DFF_C' unit is dangling and will be cleaned.
W: Public-4008: Instance 'user_axi_m_arbitration/user_rw_fifo_ctrl0/user_read_ddr_fifo/U_ipml_fifo_read_ddr_fifo/U_ipml_fifo_ctrl/wr_water_level[1]' of 'GTP_DFF_C' unit is dangling and will be cleaned.
W: Public-4008: Instance 'user_axi_m_arbitration/user_rw_fifo_ctrl0/user_read_ddr_fifo/U_ipml_fifo_read_ddr_fifo/U_ipml_fifo_ctrl/wr_water_level[2]' of 'GTP_DFF_C' unit is dangling and will be cleaned.
W: Public-4008: Instance 'user_axi_m_arbitration/user_rw_fifo_ctrl1/user_read_ddr_fifo/U_ipml_fifo_read_ddr_fifo/U_ipml_fifo_ctrl/wr_water_level[0]' of 'GTP_DFF_C' unit is dangling and will be cleaned.
W: Public-4008: Instance 'user_axi_m_arbitration/user_rw_fifo_ctrl1/user_read_ddr_fifo/U_ipml_fifo_read_ddr_fifo/U_ipml_fifo_ctrl/wr_water_level[1]' of 'GTP_DFF_C' unit is dangling and will be cleaned.
W: Public-4008: Instance 'user_axi_m_arbitration/user_rw_fifo_ctrl1/user_read_ddr_fifo/U_ipml_fifo_read_ddr_fifo/U_ipml_fifo_ctrl/wr_water_level[2]' of 'GTP_DFF_C' unit is dangling and will be cleaned.
W: Public-4008: Instance 'user_axi_m_arbitration/user_rw_fifo_ctrl2/user_read_ddr_fifo/U_ipml_fifo_read_ddr_fifo/U_ipml_fifo_ctrl/wr_water_level[0]' of 'GTP_DFF_C' unit is dangling and will be cleaned.
W: Public-4008: Instance 'user_axi_m_arbitration/user_rw_fifo_ctrl2/user_read_ddr_fifo/U_ipml_fifo_read_ddr_fifo/U_ipml_fifo_ctrl/wr_water_level[1]' of 'GTP_DFF_C' unit is dangling and will be cleaned.
W: Public-4008: Instance 'user_axi_m_arbitration/user_rw_fifo_ctrl2/user_read_ddr_fifo/U_ipml_fifo_read_ddr_fifo/U_ipml_fifo_ctrl/wr_water_level[2]' of 'GTP_DFF_C' unit is dangling and will be cleaned.
W: Public-4008: Instance 'user_axi_m_arbitration/user_rw_fifo_ctrl3/user_read_ddr_fifo/U_ipml_fifo_read_ddr_fifo/U_ipml_fifo_ctrl/wr_water_level[0]' of 'GTP_DFF_C' unit is dangling and will be cleaned.
W: Public-4008: Instance 'user_axi_m_arbitration/user_rw_fifo_ctrl3/user_read_ddr_fifo/U_ipml_fifo_read_ddr_fifo/U_ipml_fifo_ctrl/wr_water_level[1]' of 'GTP_DFF_C' unit is dangling and will be cleaned.
W: Public-4008: Instance 'user_axi_m_arbitration/user_rw_fifo_ctrl3/user_read_ddr_fifo/U_ipml_fifo_read_ddr_fifo/U_ipml_fifo_ctrl/wr_water_level[2]' of 'GTP_DFF_C' unit is dangling and will be cleaned.
Checking design netlist.
Processing tech operator.
I: The instance clkbufg_3(GTP_CLKBUFG) has been inserted on the net ddr_ip_clk in design, driver pin CLKDIVOUT(instance I_ipsxb_ddr_top/I_GTP_CLKDIV) -> load pin CLK(instance I_ipsxb_ddr_top/u_ddrphy_top/ddrphy_calib_top/calib_mux/calib_address[0]).
I: The instance clkbufg_4(GTP_CLKBUFG) has been inserted on the net nt_pix_clk_in in design, driver pin O(instance pix_clk_in_ibuf) -> load pin CLK(instance de_in_cnt[0]).
I: The instance clkbufg_5(GTP_CLKBUFG) has been inserted on the net u_CORES/drck_o in design, driver pin TCK_USER(instance u_CORES/u_GTP_SCANCHAIN_PG) -> load pin CLK(instance u_CORES/u_debug_core_0/u0_trig_unit/conf_reg[0]).
I: The instance clkbufg_6(GTP_CLKBUFG) has been inserted on the net nt_pix_clk_out in design, driver pin CLKOUT0(instance user_pll_video_out/u_pll_e3) -> load pin CLK(instance de_out_cnt[0]).
I: The instance clkbufg_7(GTP_CLKBUFG) has been inserted on the net iic_clk in design, driver pin CLKOUT0(instance user_pll_cfg/u_pll_e3) -> load pin CLK(instance rstn_1ms[0]).
I: The instance clkbufg_8(GTP_CLKBUFG) has been inserted on the net cmos2_pclk_16bit in design, driver pin CLKDIVOUT(instance cmos2_8_16bit/u_GTP_IOCLKDIV) -> load pin CLK(instance cmos2_8_16bit/de_o).
I: The instance clkbufg_9(GTP_CLKBUFG) has been inserted on the net cmos1_pclk_16bit in design, driver pin CLKDIVOUT(instance cmos1_8_16bit/u_GTP_IOCLKDIV) -> load pin CLK(instance cmos1_8_16bit/de_o).
C: DeviceMap-2011: The net nt_ref_clk has both clock instance I_ipsxb_ddr_top/u_clkbufg(GTP_CLKBUFG) loader and other clock pin loader.
I: The instance clkbufg_10(GTP_CLKBUFG) has been inserted on the net nt_cmos2_pclk in design, driver pin O(instance cmos2_pclk_ibuf) -> load pin CLK(instance cmos2_8_16bit/cnt[0]).
I: The instance clkbufg_11(GTP_CLKBUFG) has been inserted on the net nt_cmos1_pclk in design, driver pin O(instance cmos1_pclk_ibuf) -> load pin CLK(instance cmos1_8_16bit/cnt[0]).
I: The instance clkbufg_12(GTP_CLKBUFG) has been inserted on the net clk_25M in design, driver pin CLKOUT1(instance user_pll_cfg/u_pll_e3) -> load pin CLK(instance coms1_reg_config/clock_20k).
I: The instance clkbufg_13(GTP_CLKBUFG) has been inserted on the net u_CORES/capt_o in design, driver pin CAPDR(instance u_CORES/u_GTP_SCANCHAIN_PG) -> load pin CLK(instance u_CORES/u_debug_core_0/u_hub_data_decode/id_sample.conf_id[0]).
W: DeviceMap-4006: Insert a inst clkgate_14(GTP_IOCLKBUF) before I_ipsxb_ddr_top/I_GTP_CLKDIV(GTP_IOCLKDIV).
Converting tech operator to gate operator.
Processing gate operator.
I: Infer CARRY group, base inst: N23_0_1/gateop, insts:11.
I: Infer CARRY group, base inst: N67_0_1/gateop, insts:11.
I: Infer CARRY group, base inst: N110_0_1/gateop, insts:11.
I: Infer CARRY group, base inst: N380_0_1/gateop, insts:13.
I: Infer CARRY group, base inst: coms1_reg_config/N11_2_1/gateop, insts:10.
I: Infer CARRY group, base inst: coms1_reg_config/N36_1_1/gateop, insts:8.
I: Infer CARRY group, base inst: coms2_reg_config/N36_1_1/gateop, insts:8.
I: Infer CARRY group, base inst: I_ipsxb_ddr_top/u_ipsxb_ddrc_top/mcdq_wdatapath/ipsxb_distributed_fifo/u_ipsxb_distributed_fifo_distributed_fifo_v1_0/u_ipsxb_distributed_fifo_ctr/N2_1/gateop, insts:5.
I: Infer CARRY group, base inst: I_ipsxb_ddr_top/u_ipsxb_ddrc_top/mcdq_wdatapath/ipsxb_distributed_fifo/u_ipsxb_distributed_fifo_distributed_fifo_v1_0/u_ipsxb_distributed_fifo_ctr/N9_1/gateop, insts:5.
I: Infer CARRY group, base inst: I_ipsxb_ddr_top/u_ipsxb_ddrc_top/mcdq_wdatapath/ipsxb_distributed_fifo/u_ipsxb_distributed_fifo_distributed_fifo_v1_0/u_ipsxb_distributed_fifo_ctr/N36.eq_0/gateop, insts:3.
I: Infer CARRY group, base inst: I_ipsxb_ddr_top/u_ipsxb_ddrc_top/mcdq_dcp_top/mcdq_dcp_buf/A_ipsxb_distributed_fifo/u_ipsxb_distributed_fifo_distributed_fifo_v1_0/u_ipsxb_distributed_fifo_ctr/N2_1/gateop, insts:5.
I: Infer CARRY group, base inst: I_ipsxb_ddr_top/u_ipsxb_ddrc_top/mcdq_dcp_top/mcdq_dcp_buf/A_ipsxb_distributed_fifo/u_ipsxb_distributed_fifo_distributed_fifo_v1_0/u_ipsxb_distributed_fifo_ctr/N9_1/gateop, insts:5.
I: Infer CARRY group, base inst: I_ipsxb_ddr_top/u_ipsxb_ddrc_top/mcdq_dcp_top/mcdq_dcp_buf/A_ipsxb_distributed_fifo/u_ipsxb_distributed_fifo_distributed_fifo_v1_0/u_ipsxb_distributed_fifo_ctr/N19.lt_0/gateop, insts:3.
I: Infer CARRY group, base inst: I_ipsxb_ddr_top/u_ipsxb_ddrc_top/mcdq_dcp_top/mcdq_dcp_buf/A_ipsxb_distributed_fifo/u_ipsxb_distributed_fifo_distributed_fifo_v1_0/u_ipsxb_distributed_fifo_ctr/N24_1.fsub_1/gateop, insts:6.
I: Infer CARRY group, base inst: eth0_img_pkt/N29_1_0/gateop, insts:32.
I: Infer CARRY group, base inst: eth0_img_pkt/N64.lt_0/gateop, insts:5.
I: Infer CARRY group, base inst: eth0_img_pkt/N98_1_0/gateop, insts:11.
I: Infer CARRY group, base inst: eth0_img_pkt/N172_1_1/gateop, insts:10.
I: Infer CARRY group, base inst: eth0_img_rec/N40_1_1/gateop, insts:20.
I: Infer CARRY group, base inst: power_on_delay_inst/N5_1_1/gateop, insts:18.
I: Infer CARRY group, base inst: power_on_delay_inst/N17_1_1/gateop, insts:15.
I: Infer CARRY group, base inst: user_sync_gen/N8_1_1/gateop, insts:11.
I: Infer CARRY group, base inst: user_sync_gen/N24_1_1/gateop, insts:10.
I: Infer CARRY group, base inst: user_sync_gen/N94_1.fsub_1/gateop, insts:5.
I: Infer CARRY group, base inst: user_sync_gen/N102_1.fsub_1/gateop, insts:11.
I: Infer CARRY group, base inst: user_video_zoom/N109_1_1/gateop, insts:9.
I: Infer CARRY group, base inst: user_video_zoom/N556_1_1/gateop, insts:9.
I: Infer CARRY group, base inst: user_video_zoom/N1440_1/gateop, insts:10.
I: Infer CARRY group, base inst: user_video_zoom/N1441_1/gateop, insts:10.
I: Infer CARRY group, base inst: user_video_zoom/N1442_1/gateop, insts:10.
I: Infer CARRY group, base inst: user_video_zoom/N1443_1_1/gateop, insts:9.
I: Infer CARRY group, base inst: user_video_zoom/N1444_1_1/gateop, insts:9.
I: Infer CARRY group, base inst: user_video_zoom/N1445_1_1/gateop, insts:9.
I: Infer CARRY group, base inst: user_video_zoom/N1446_1_1/gateop, insts:9.
I: Infer CARRY group, base inst: user_video_zoom/N1447_1_1/gateop, insts:9.
I: Infer CARRY group, base inst: user_video_zoom/N1448_1_1/gateop, insts:9.
I: Infer CARRY group, base inst: coms1_reg_config/u1/N37_1_1/gateop, insts:5.
I: Infer CARRY group, base inst: I_ipsxb_ddr_top/u_ipsxb_ddrc_top/mcdq_dcp_top/mcdq_dcp_buf/A_ipsxb_distributed_fifo/u_ipsxb_distributed_fifo_distributed_fifo_v1_0/u_ipsxb_distributed_fifo_ctr/N30.fsub_1/gateop, insts:6.
I: Infer CARRY group, base inst: coms2_reg_config/u1/N37_1_1/gateop, insts:5.
I: Infer CARRY group, base inst: I_ipsxb_ddr_top/u_ipsxb_ddrc_top/mcdq_dcp_top/mcdq_dcp_buf/A_ipsxb_distributed_fifo/u_ipsxb_distributed_fifo_distributed_fifo_v1_0/u_ipsxb_distributed_fifo_ctr/N36.eq_0/gateop, insts:3.
I: Infer CARRY group, base inst: u_udp/u_udp_rx/N188.eq_0/gateop, insts:3.
I: Infer CARRY group, base inst: u_udp/u_udp_rx/N226_1.fsub_1/gateop, insts:12.
I: Infer CARRY group, base inst: u_udp/u_udp_rx/N245_1_1/gateop, insts:15.
I: Infer CARRY group, base inst: u_udp/u_udp_rx/N249_1.fsub_1/gateop, insts:15.
I: Infer CARRY group, base inst: u_udp/u_udp_rx/N250.eq_0/gateop, insts:8.
I: Infer CARRY group, base inst: u_udp/u_udp_tx/N128_1_1/gateop, insts:15.
I: Infer CARRY group, base inst: u_udp/u_udp_tx/N287.lt_0/gateop, insts:8.
I: Infer CARRY group, base inst: u_udp/u_udp_tx/N295_1_1/gateop, insts:15.
I: Infer CARRY group, base inst: u_udp/u_udp_tx/N298.eq_0/gateop, insts:8.
I: Infer CARRY group, base inst: u_udp/u_udp_tx/N305_1/gateop, insts:16.
I: Infer CARRY group, base inst: u_udp/u_udp_tx/N308.lt_0/gateop, insts:7.
I: Infer CARRY group, base inst: u_udp/u_udp_tx/N342.eq_0/gateop, insts:8.
I: Infer CARRY group, base inst: u_udp/u_udp_tx/N917_5_0/gateop, insts:21.
I: Infer CARRY group, base inst: I_ipsxb_ddr_top/u_ipsxb_ddrc_top/mcdq_dcp_top/mcdq_dcp_buf/B_ipsxb_distributed_fifo/u_ipsxb_distributed_fifo_distributed_fifo_v1_0/u_ipsxb_distributed_fifo_ctr/N2_1/gateop, insts:5.
I: Infer CARRY group, base inst: I_ipsxb_ddr_top/u_ipsxb_ddrc_top/mcdq_dcp_top/mcdq_dcp_buf/B_ipsxb_distributed_fifo/u_ipsxb_distributed_fifo_distributed_fifo_v1_0/u_ipsxb_distributed_fifo_ctr/N9_1/gateop, insts:5.
I: Infer CARRY group, base inst: I_ipsxb_ddr_top/u_ipsxb_ddrc_top/mcdq_dcp_top/mcdq_dcp_buf/B_ipsxb_distributed_fifo/u_ipsxb_distributed_fifo_distributed_fifo_v1_0/u_ipsxb_distributed_fifo_ctr/N19.lt_0/gateop, insts:3.
I: Infer CARRY group, base inst: u_udp/u_udp_tx/N3561_1_1/gateop, insts:16.
I: Infer CARRY group, base inst: u_udp/u_udp_tx/N3570_1_1/gateop, insts:16.
I: Infer CARRY group, base inst: u_udp/u_udp_tx/N3573_1_1/gateop, insts:16.
I: Infer CARRY group, base inst: u_udp/u_udp_tx/N3576_1/gateop, insts:19.
I: Infer CARRY group, base inst: user_axi_m_arbitration/u_axi_full_m0/N60_1_1/gateop, insts:13.
I: Infer CARRY group, base inst: user_axi_m_arbitration/u_axi_full_m0/N158_1_1/gateop, insts:13.
I: Infer CARRY group, base inst: user_axi_m_arbitration/u_axi_full_m1/N60_1_1/gateop, insts:13.
I: Infer CARRY group, base inst: user_axi_m_arbitration/u_axi_full_m1/N158_1_1/gateop, insts:13.
I: Infer CARRY group, base inst: user_axi_m_arbitration/u_axi_full_m2/N60_1_1/gateop, insts:13.
I: Infer CARRY group, base inst: user_axi_m_arbitration/u_axi_full_m2/N158_1_1/gateop, insts:13.
I: Infer CARRY group, base inst: user_axi_m_arbitration/u_axi_full_m3/N60_1_1/gateop, insts:13.
I: Infer CARRY group, base inst: user_axi_m_arbitration/u_axi_full_m3/N158_1_1/gateop, insts:13.
I: Infer CARRY group, base inst: I_ipsxb_ddr_top/u_ipsxb_ddrc_top/mcdq_dcp_top/mcdq_dcp_buf/B_ipsxb_distributed_fifo/u_ipsxb_distributed_fifo_distributed_fifo_v1_0/u_ipsxb_distributed_fifo_ctr/N24_1.fsub_1/gateop, insts:6.
I: Infer CARRY group, base inst: user_hdmi_ctrl/user_iic_rx_driver/N136.lt_0/gateop, insts:2.
I: Infer CARRY group, base inst: user_hdmi_ctrl/user_iic_tx_driver/N136.lt_0/gateop, insts:2.
I: Infer CARRY group, base inst: user_hdmi_ctrl/user_ms7200_ctrl/N101_1_1/gateop, insts:8.
I: Infer CARRY group, base inst: user_hdmi_ctrl/user_ms7200_ctrl/N224_1_0/gateop, insts:9.
I: Infer CARRY group, base inst: user_hdmi_ctrl/user_ms7210_ctrl/N98_1_1/gateop, insts:21.
I: Infer CARRY group, base inst: user_hdmi_ctrl/user_ms7210_ctrl/N156_1_0/gateop, insts:6.
I: Infer CARRY group, base inst: I_ipsxb_ddr_top/u_ddrphy_top/ddrphy_info/mc_al_6.fsub_1/gateop, insts:4.
I: Infer CARRY group, base inst: I_ipsxb_ddr_top/u_ddrphy_top/ddrphy_info/mc_rl_1/gateop, insts:5.
I: Infer CARRY group, base inst: I_ipsxb_ddr_top/u_ddrphy_top/ddrphy_info/mc_wl_0/gateop, insts:6.
I: Infer CARRY group, base inst: I_ipsxb_ddr_top/u_ddrphy_top/ddrphy_reset_ctrl/N29_1_1/gateop, insts:7.
I: Infer CARRY group, base inst: I_ipsxb_ddr_top/u_ddrphy_top/ddrphy_slice_top/N48_1_0/gateop, insts:8.
I: Infer CARRY group, base inst: I_ipsxb_ddr_top/u_ipsxb_ddrc_top/mcdq_ui_axi/N69_2_1/gateop, insts:25.
I: Infer CARRY group, base inst: I_ipsxb_ddr_top/u_ipsxb_ddrc_top/mcdq_dcp_top/mcdq_dcp_buf/B_ipsxb_distributed_fifo/u_ipsxb_distributed_fifo_distributed_fifo_v1_0/u_ipsxb_distributed_fifo_ctr/N30.fsub_1/gateop, insts:6.
I: Infer CARRY group, base inst: I_ipsxb_ddr_top/u_ipsxb_ddrc_top/mcdq_dcp_top/mcdq_dcp_buf/B_ipsxb_distributed_fifo/u_ipsxb_distributed_fifo_distributed_fifo_v1_0/u_ipsxb_distributed_fifo_ctr/N36.eq_0/gateop, insts:3.
I: Infer CARRY group, base inst: I_ipsxb_ddr_top/u_ipsxb_ddrc_top/mcdq_rdatapath/mcdq_prefetch_fifo/ipsxb_distributed_fifo/u_ipsxb_distributed_fifo_distributed_fifo_v1_0/u_ipsxb_distributed_fifo_ctr/N2_1/gateop, insts:6.
I: Infer CARRY group, base inst: I_ipsxb_ddr_top/u_ipsxb_ddrc_top/mcdq_ui_axi/N185.eq_0/gateop, insts:8.
I: Infer CARRY group, base inst: I_ipsxb_ddr_top/u_ipsxb_ddrc_top/mcdq_rdatapath/mcdq_prefetch_fifo/ipsxb_distributed_fifo/u_ipsxb_distributed_fifo_distributed_fifo_v1_0/u_ipsxb_distributed_fifo_ctr/N9_1/gateop, insts:6.
I: Infer CARRY group, base inst: I_ipsxb_ddr_top/u_ipsxb_ddrc_top/mcdq_rdatapath/mcdq_prefetch_fifo/ipsxb_distributed_fifo/u_ipsxb_distributed_fifo_distributed_fifo_v1_0/u_ipsxb_distributed_fifo_ctr/N16.eq_0/gateop, insts:3.
I: Infer CARRY group, base inst: I_ipsxb_ddr_top/u_ipsxb_ddrc_top/mcdq_rdatapath/mcdq_prefetch_fifo/ipsxb_distributed_fifo/u_ipsxb_distributed_fifo_distributed_fifo_v1_0/u_ipsxb_distributed_fifo_ctr/N36.eq_0/gateop, insts:3.
I: Infer CARRY group, base inst: u_CORES/u_debug_core_0/u_Storage_Condition/N266_1_0/gateop, insts:14.
I: Infer CARRY group, base inst: I_ipsxb_ddr_top/u_ddrphy_top/ddrphy_slice_top/i_dqs_group[3].u_ddrphy_data_slice/data_slice_dqs_gate_cal/gatecal/N81_1_0/gateop, insts:6.
I: Infer CARRY group, base inst: I_ipsxb_ddr_top/u_ddrphy_top/ddrphy_slice_top/i_dqs_group[3].u_ddrphy_data_slice/data_slice_dqs_gate_cal/gatecal/N389_8.fsub_1/gateop, insts:5.
I: Infer CARRY group, base inst: u_CORES/u_debug_core_0/u_Storage_Condition/N285_1.fsub_1/gateop, insts:13.
I: Infer CARRY group, base inst: u_CORES/u_debug_core_0/u_Storage_Condition/N318_1_1/gateop, insts:13.
I: Infer CARRY group, base inst: u_CORES/u_debug_core_0/u_Storage_Condition/N327_1_1/gateop, insts:13.
I: Infer CARRY group, base inst: u_CORES/u_debug_core_0/u_rd_addr_gen/N2_1_1/gateop, insts:7.
I: Infer CARRY group, base inst: u_CORES/u_debug_core_0/u_rd_addr_gen/N38_1_1/gateop, insts:13.
I: Infer CARRY group, base inst: I_ipsxb_ddr_top/u_ddrphy_top/ddrphy_calib_top/ddrphy_init/N3_1_1/gateop, insts:15.
I: Infer CARRY group, base inst: I_ipsxb_ddr_top/u_ddrphy_top/ddrphy_calib_top/ddrphy_init/N23_1_1/gateop, insts:15.
I: Infer CARRY group, base inst: I_ipsxb_ddr_top/u_ddrphy_top/ddrphy_calib_top/ddrphy_init/N41_1_1/gateop, insts:7.
I: Infer CARRY group, base inst: I_ipsxb_ddr_top/u_ddrphy_top/ddrphy_calib_top/ddrphy_init/N79_1_1/gateop, insts:9.
I: Infer CARRY group, base inst: I_ipsxb_ddr_top/u_ddrphy_top/ddrphy_calib_top/ddrphy_wrlvl/N8_1_1/gateop, insts:7.
I: Infer CARRY group, base inst: I_ipsxb_ddr_top/u_ddrphy_top/ddrphy_calib_top/rdcal/N33_1_1/gateop, insts:17.
I: Infer CARRY group, base inst: I_ipsxb_ddr_top/u_ddrphy_top/ddrphy_reset_ctrl/ddrphy_pll_lock_debounce/N11_1_1/gateop, insts:18.
I: Infer CARRY group, base inst: I_ipsxb_ddr_top/u_ipsxb_ddrc_top/mcdq_dcd_top/mcdq_dcd_bm/N37_1_1/gateop, insts:12.
I: Infer CARRY group, base inst: I_ipsxb_ddr_top/u_ipsxb_ddrc_top/mcdq_dcd_top/mcdq_dcd_sm/N162_6_0[9:0]_1/gateop, insts:7.
I: Infer CARRY group, base inst: I_ipsxb_ddr_top/u_ipsxb_ddrc_top/mcdq_dcp_top/mcdq_dcp_buf/N46_1_1/gateop, insts:6.
I: Infer CARRY group, base inst: eth0_img_pkt/u_eth_pkt_fifo/U_ipml_fifo_eth_pkt_fifo/U_ipml_fifo_ctrl/N2_1/gateop, insts:11.
I: Infer CARRY group, base inst: eth0_img_pkt/u_eth_pkt_fifo/U_ipml_fifo_eth_pkt_fifo/U_ipml_fifo_ctrl/N79_1/gateop, insts:11.
I: Infer CARRY group, base inst: eth0_img_pkt/u_eth_pkt_fifo/U_ipml_fifo_eth_pkt_fifo/U_ipml_fifo_ctrl/N157.eq_0/gateop, insts:5.
I: Infer CARRY group, base inst: eth0_img_pkt/u_eth_pkt_fifo/U_ipml_fifo_eth_pkt_fifo/U_ipml_fifo_ctrl/N160.eq_0/gateop, insts:6.
I: Infer CARRY group, base inst: eth0_img_pkt/u_eth_pkt_fifo/U_ipml_fifo_eth_pkt_fifo/U_ipml_fifo_ctrl/N318_6.fsub_1/gateop, insts:11.
I: Infer CARRY group, base inst: eth0_img_pkt/u_eth_pkt_fifo/U_ipml_fifo_eth_pkt_fifo/U_ipml_fifo_ctrl/N318_7.fsub_1/gateop, insts:11.
I: Infer CARRY group, base inst: eth0_img_pkt/u_eth_pkt_fifo/U_ipml_fifo_eth_pkt_fifo/U_ipml_fifo_ctrl/N318_8.fsub_1/gateop, insts:11.
I: Infer CARRY group, base inst: u_CORES/u_debug_core_0/u0_trig_unit/u_cfg_reg_file/N200_1_1/gateop, insts:8.
I: Infer CARRY group, base inst: I_ipsxb_ddr_top/u_ddrphy_top/ddrphy_slice_top/i_dqs_group[0].u_ddrphy_data_slice/data_slice_wrlvl/N102_1_0/gateop, insts:8.
I: Infer CARRY group, base inst: I_ipsxb_ddr_top/u_ddrphy_top/ddrphy_slice_top/i_dqs_group[0].u_ddrphy_data_slice/data_slice_wrlvl/N104_1_1/gateop, insts:7.
I: Infer CARRY group, base inst: I_ipsxb_ddr_top/u_ddrphy_top/ddrphy_slice_top/i_dqs_group[0].u_ddrphy_data_slice/data_slice_wrlvl/N201_1_1/gateop, insts:7.
I: Infer CARRY group, base inst: I_ipsxb_ddr_top/u_ddrphy_top/ddrphy_slice_top/i_dqs_group[0].u_ddrphy_data_slice/dqsi_rdel_cal/N28_1.fsub_1/gateop, insts:6.
I: Infer CARRY group, base inst: I_ipsxb_ddr_top/u_ddrphy_top/ddrphy_slice_top/i_dqs_group[0].u_ddrphy_data_slice/dqsi_rdel_cal/N33_1_1/gateop, insts:7.
I: Infer CARRY group, base inst: I_ipsxb_ddr_top/u_ddrphy_top/ddrphy_slice_top/i_dqs_group[0].u_ddrphy_data_slice/dqsi_rdel_cal/N43_1.fsub_1/gateop, insts:7.
I: Infer CARRY group, base inst: I_ipsxb_ddr_top/u_ddrphy_top/ddrphy_slice_top/i_dqs_group[0].u_ddrphy_data_slice/dqsi_rdel_cal/N53.eq_0/gateop, insts:4.
I: Infer CARRY group, base inst: I_ipsxb_ddr_top/u_ddrphy_top/ddrphy_slice_top/i_dqs_group[0].u_ddrphy_data_slice/dqsi_rdel_cal/N85_1/gateop, insts:8.
I: Infer CARRY group, base inst: I_ipsxb_ddr_top/u_ddrphy_top/ddrphy_slice_top/i_dqs_group[0].u_ddrphy_data_slice/dqsi_rdel_cal/N104_1_1/gateop, insts:9.
I: Infer CARRY group, base inst: I_ipsxb_ddr_top/u_ddrphy_top/ddrphy_slice_top/i_dqs_group[0].u_ddrphy_data_slice/dqsi_rdel_cal/N108.eq_0/gateop, insts:5.
I: Infer CARRY group, base inst: I_ipsxb_ddr_top/u_ddrphy_top/ddrphy_slice_top/i_dqs_group[0].u_ddrphy_data_slice/dqsi_rdel_cal/N167.eq_0/gateop, insts:5.
I: Infer CARRY group, base inst: I_ipsxb_ddr_top/u_ddrphy_top/ddrphy_slice_top/i_dqs_group[0].u_ddrphy_data_slice/dqsi_rdel_cal/N264_1_0/gateop, insts:8.
I: Infer CARRY group, base inst: I_ipsxb_ddr_top/u_ddrphy_top/ddrphy_slice_top/i_dqs_group[0].u_ddrphy_data_slice/dqsi_rdel_cal/N280_1_0/gateop, insts:8.
I: Infer CARRY group, base inst: I_ipsxb_ddr_top/u_ddrphy_top/ddrphy_slice_top/i_dqs_group[0].u_ddrphy_data_slice/dqsi_rdel_cal/N285_1_1/gateop, insts:9.
I: Infer CARRY group, base inst: I_ipsxb_ddr_top/u_ddrphy_top/ddrphy_slice_top/i_dqs_group[1].u_ddrphy_data_slice/data_slice_wrlvl/N102_1_0/gateop, insts:8.
I: Infer CARRY group, base inst: I_ipsxb_ddr_top/u_ddrphy_top/ddrphy_slice_top/i_dqs_group[1].u_ddrphy_data_slice/data_slice_wrlvl/N104_1_1/gateop, insts:7.
I: Infer CARRY group, base inst: I_ipsxb_ddr_top/u_ddrphy_top/ddrphy_slice_top/i_dqs_group[1].u_ddrphy_data_slice/data_slice_wrlvl/N201_1_1/gateop, insts:7.
I: Infer CARRY group, base inst: I_ipsxb_ddr_top/u_ddrphy_top/ddrphy_slice_top/i_dqs_group[1].u_ddrphy_data_slice/dqsi_rdel_cal/N28_1.fsub_1/gateop, insts:6.
I: Infer CARRY group, base inst: I_ipsxb_ddr_top/u_ddrphy_top/ddrphy_slice_top/i_dqs_group[1].u_ddrphy_data_slice/dqsi_rdel_cal/N33_1_1/gateop, insts:7.
I: Infer CARRY group, base inst: I_ipsxb_ddr_top/u_ddrphy_top/ddrphy_slice_top/i_dqs_group[1].u_ddrphy_data_slice/dqsi_rdel_cal/N43_1.fsub_1/gateop, insts:7.
I: Infer CARRY group, base inst: I_ipsxb_ddr_top/u_ddrphy_top/ddrphy_slice_top/i_dqs_group[1].u_ddrphy_data_slice/dqsi_rdel_cal/N53.eq_0/gateop, insts:4.
I: Infer CARRY group, base inst: I_ipsxb_ddr_top/u_ddrphy_top/ddrphy_slice_top/i_dqs_group[1].u_ddrphy_data_slice/dqsi_rdel_cal/N85_1/gateop, insts:8.
I: Infer CARRY group, base inst: I_ipsxb_ddr_top/u_ddrphy_top/ddrphy_slice_top/i_dqs_group[1].u_ddrphy_data_slice/dqsi_rdel_cal/N104_1_1/gateop, insts:9.
I: Infer CARRY group, base inst: I_ipsxb_ddr_top/u_ddrphy_top/ddrphy_slice_top/i_dqs_group[1].u_ddrphy_data_slice/dqsi_rdel_cal/N108.eq_0/gateop, insts:5.
I: Infer CARRY group, base inst: I_ipsxb_ddr_top/u_ddrphy_top/ddrphy_slice_top/i_dqs_group[1].u_ddrphy_data_slice/dqsi_rdel_cal/N167.eq_0/gateop, insts:5.
I: Infer CARRY group, base inst: I_ipsxb_ddr_top/u_ddrphy_top/ddrphy_slice_top/i_dqs_group[1].u_ddrphy_data_slice/dqsi_rdel_cal/N264_1_0/gateop, insts:8.
I: Infer CARRY group, base inst: I_ipsxb_ddr_top/u_ddrphy_top/ddrphy_slice_top/i_dqs_group[1].u_ddrphy_data_slice/dqsi_rdel_cal/N280_1_0/gateop, insts:8.
I: Infer CARRY group, base inst: I_ipsxb_ddr_top/u_ddrphy_top/ddrphy_slice_top/i_dqs_group[1].u_ddrphy_data_slice/dqsi_rdel_cal/N285_1_1/gateop, insts:9.
I: Infer CARRY group, base inst: I_ipsxb_ddr_top/u_ddrphy_top/ddrphy_slice_top/i_dqs_group[2].u_ddrphy_data_slice/data_slice_wrlvl/N102_1_0/gateop, insts:8.
I: Infer CARRY group, base inst: I_ipsxb_ddr_top/u_ddrphy_top/ddrphy_slice_top/i_dqs_group[2].u_ddrphy_data_slice/data_slice_wrlvl/N104_1_1/gateop, insts:7.
I: Infer CARRY group, base inst: I_ipsxb_ddr_top/u_ddrphy_top/ddrphy_slice_top/i_dqs_group[2].u_ddrphy_data_slice/data_slice_wrlvl/N201_1_1/gateop, insts:7.
I: Infer CARRY group, base inst: I_ipsxb_ddr_top/u_ddrphy_top/ddrphy_slice_top/i_dqs_group[2].u_ddrphy_data_slice/dqsi_rdel_cal/N85_1/gateop, insts:8.
I: Infer CARRY group, base inst: I_ipsxb_ddr_top/u_ddrphy_top/ddrphy_slice_top/i_dqs_group[2].u_ddrphy_data_slice/dqsi_rdel_cal/N104_1_1/gateop, insts:9.
I: Infer CARRY group, base inst: I_ipsxb_ddr_top/u_ddrphy_top/ddrphy_slice_top/i_dqs_group[2].u_ddrphy_data_slice/dqsi_rdel_cal/N108.eq_0/gateop, insts:5.
I: Infer CARRY group, base inst: I_ipsxb_ddr_top/u_ddrphy_top/ddrphy_slice_top/i_dqs_group[2].u_ddrphy_data_slice/dqsi_rdel_cal/N167.eq_0/gateop, insts:5.
I: Infer CARRY group, base inst: I_ipsxb_ddr_top/u_ddrphy_top/ddrphy_slice_top/i_dqs_group[2].u_ddrphy_data_slice/dqsi_rdel_cal/N264_1_0/gateop, insts:8.
I: Infer CARRY group, base inst: I_ipsxb_ddr_top/u_ddrphy_top/ddrphy_slice_top/i_dqs_group[2].u_ddrphy_data_slice/dqsi_rdel_cal/N280_1_0/gateop, insts:8.
I: Infer CARRY group, base inst: I_ipsxb_ddr_top/u_ddrphy_top/ddrphy_slice_top/i_dqs_group[2].u_ddrphy_data_slice/dqsi_rdel_cal/N285_1_1/gateop, insts:9.
I: Infer CARRY group, base inst: I_ipsxb_ddr_top/u_ddrphy_top/ddrphy_slice_top/i_dqs_group[3].u_ddrphy_data_slice/data_slice_wrlvl/N102_1_0/gateop, insts:8.
I: Infer CARRY group, base inst: I_ipsxb_ddr_top/u_ddrphy_top/ddrphy_slice_top/i_dqs_group[3].u_ddrphy_data_slice/data_slice_wrlvl/N104_1_1/gateop, insts:7.
I: Infer CARRY group, base inst: I_ipsxb_ddr_top/u_ddrphy_top/ddrphy_slice_top/i_dqs_group[3].u_ddrphy_data_slice/data_slice_wrlvl/N201_1_1/gateop, insts:7.
I: Infer CARRY group, base inst: I_ipsxb_ddr_top/u_ddrphy_top/ddrphy_slice_top/i_dqs_group[3].u_ddrphy_data_slice/dqsi_rdel_cal/N85_1/gateop, insts:8.
I: Infer CARRY group, base inst: I_ipsxb_ddr_top/u_ddrphy_top/ddrphy_slice_top/i_dqs_group[3].u_ddrphy_data_slice/dqsi_rdel_cal/N104_1_1/gateop, insts:9.
I: Infer CARRY group, base inst: I_ipsxb_ddr_top/u_ddrphy_top/ddrphy_slice_top/i_dqs_group[3].u_ddrphy_data_slice/dqsi_rdel_cal/N108.eq_0/gateop, insts:5.
I: Infer CARRY group, base inst: I_ipsxb_ddr_top/u_ddrphy_top/ddrphy_slice_top/i_dqs_group[3].u_ddrphy_data_slice/dqsi_rdel_cal/N167.eq_0/gateop, insts:5.
I: Infer CARRY group, base inst: I_ipsxb_ddr_top/u_ddrphy_top/ddrphy_slice_top/i_dqs_group[3].u_ddrphy_data_slice/dqsi_rdel_cal/N264_1_0/gateop, insts:8.
I: Infer CARRY group, base inst: I_ipsxb_ddr_top/u_ddrphy_top/ddrphy_slice_top/i_dqs_group[3].u_ddrphy_data_slice/dqsi_rdel_cal/N280_1_0/gateop, insts:8.
I: Infer CARRY group, base inst: I_ipsxb_ddr_top/u_ddrphy_top/ddrphy_slice_top/i_dqs_group[3].u_ddrphy_data_slice/dqsi_rdel_cal/N285_1_1/gateop, insts:9.
I: Infer CARRY group, base inst: I_ipsxb_ddr_top/u_ipsxb_ddrc_top/mcdq_dcp_top/mcdq_dcp_back_ctrl/timing_act_pass/N31.lt_0/gateop, insts:4.
I: Infer CARRY group, base inst: I_ipsxb_ddr_top/u_ipsxb_ddrc_top/mcdq_dcp_top/mcdq_dcp_back_ctrl/timing_ref_pass/N27.lt_1/gateop, insts:3.
I: Infer CARRY group, base inst: user_axi_m_arbitration/user_rw_fifo_ctrl0/user_read_ddr_fifo/U_ipml_fifo_read_ddr_fifo/U_ipml_fifo_ctrl/N2_1/gateop, insts:9.
I: Infer CARRY group, base inst: user_axi_m_arbitration/user_rw_fifo_ctrl0/user_read_ddr_fifo/U_ipml_fifo_read_ddr_fifo/U_ipml_fifo_ctrl/N84_1/gateop, insts:12.
I: Infer CARRY group, base inst: user_axi_m_arbitration/user_rw_fifo_ctrl0/user_read_ddr_fifo/U_ipml_fifo_read_ddr_fifo/U_ipml_fifo_ctrl/N153.eq_0/gateop, insts:4.
I: Infer CARRY group, base inst: user_axi_m_arbitration/user_rw_fifo_ctrl0/user_read_ddr_fifo/U_ipml_fifo_read_ddr_fifo/U_ipml_fifo_ctrl/N156.eq_0/gateop, insts:6.
I: Infer CARRY group, base inst: user_axi_m_arbitration/user_rw_fifo_ctrl0/user_read_ddr_fifo/U_ipml_fifo_read_ddr_fifo/U_ipml_fifo_ctrl/N278_5.fsub_1/gateop, insts:9.
I: Infer CARRY group, base inst: user_axi_m_arbitration/user_rw_fifo_ctrl0/user_write_ddr_fifo/U_ipml_fifo_write_ddr_fifo/U_ipml_fifo_ctrl/N2_1/gateop, insts:12.
I: Infer CARRY group, base inst: user_axi_m_arbitration/user_rw_fifo_ctrl0/user_write_ddr_fifo/U_ipml_fifo_write_ddr_fifo/U_ipml_fifo_ctrl/N69_1/gateop, insts:9.
I: Infer CARRY group, base inst: user_axi_m_arbitration/user_rw_fifo_ctrl0/user_write_ddr_fifo/U_ipml_fifo_write_ddr_fifo/U_ipml_fifo_ctrl/N153.eq_0/gateop, insts:6.
I: Infer CARRY group, base inst: user_axi_m_arbitration/user_rw_fifo_ctrl0/user_write_ddr_fifo/U_ipml_fifo_write_ddr_fifo/U_ipml_fifo_ctrl/N156.eq_0/gateop, insts:5.
I: Infer CARRY group, base inst: user_axi_m_arbitration/user_rw_fifo_ctrl0/user_write_ddr_fifo/U_ipml_fifo_write_ddr_fifo/U_ipml_fifo_ctrl/N314_5.fsub_1/gateop, insts:9.
I: Infer CARRY group, base inst: user_axi_m_arbitration/user_rw_fifo_ctrl1/user_read_ddr_fifo/U_ipml_fifo_read_ddr_fifo/U_ipml_fifo_ctrl/N2_1/gateop, insts:9.
I: Infer CARRY group, base inst: user_axi_m_arbitration/user_rw_fifo_ctrl1/user_read_ddr_fifo/U_ipml_fifo_read_ddr_fifo/U_ipml_fifo_ctrl/N84_1/gateop, insts:12.
I: Infer CARRY group, base inst: user_axi_m_arbitration/user_rw_fifo_ctrl1/user_read_ddr_fifo/U_ipml_fifo_read_ddr_fifo/U_ipml_fifo_ctrl/N153.eq_0/gateop, insts:4.
I: Infer CARRY group, base inst: user_axi_m_arbitration/user_rw_fifo_ctrl1/user_read_ddr_fifo/U_ipml_fifo_read_ddr_fifo/U_ipml_fifo_ctrl/N156.eq_0/gateop, insts:6.
I: Infer CARRY group, base inst: user_axi_m_arbitration/user_rw_fifo_ctrl1/user_read_ddr_fifo/U_ipml_fifo_read_ddr_fifo/U_ipml_fifo_ctrl/N278_5.fsub_1/gateop, insts:9.
I: Infer CARRY group, base inst: user_axi_m_arbitration/user_rw_fifo_ctrl1/user_write_ddr_fifo/U_ipml_fifo_write_ddr_fifo/U_ipml_fifo_ctrl/N2_1/gateop, insts:12.
I: Infer CARRY group, base inst: user_axi_m_arbitration/user_rw_fifo_ctrl1/user_write_ddr_fifo/U_ipml_fifo_write_ddr_fifo/U_ipml_fifo_ctrl/N69_1/gateop, insts:9.
I: Infer CARRY group, base inst: user_axi_m_arbitration/user_rw_fifo_ctrl1/user_write_ddr_fifo/U_ipml_fifo_write_ddr_fifo/U_ipml_fifo_ctrl/N153.eq_0/gateop, insts:6.
I: Infer CARRY group, base inst: user_axi_m_arbitration/user_rw_fifo_ctrl1/user_write_ddr_fifo/U_ipml_fifo_write_ddr_fifo/U_ipml_fifo_ctrl/N156.eq_0/gateop, insts:5.
I: Infer CARRY group, base inst: user_axi_m_arbitration/user_rw_fifo_ctrl1/user_write_ddr_fifo/U_ipml_fifo_write_ddr_fifo/U_ipml_fifo_ctrl/N314_5.fsub_1/gateop, insts:9.
I: Infer CARRY group, base inst: user_axi_m_arbitration/user_rw_fifo_ctrl2/user_read_ddr_fifo/U_ipml_fifo_read_ddr_fifo/U_ipml_fifo_ctrl/N2_1/gateop, insts:9.
I: Infer CARRY group, base inst: user_axi_m_arbitration/user_rw_fifo_ctrl2/user_read_ddr_fifo/U_ipml_fifo_read_ddr_fifo/U_ipml_fifo_ctrl/N84_1/gateop, insts:12.
I: Infer CARRY group, base inst: user_axi_m_arbitration/user_rw_fifo_ctrl2/user_read_ddr_fifo/U_ipml_fifo_read_ddr_fifo/U_ipml_fifo_ctrl/N153.eq_0/gateop, insts:4.
I: Infer CARRY group, base inst: user_axi_m_arbitration/user_rw_fifo_ctrl2/user_read_ddr_fifo/U_ipml_fifo_read_ddr_fifo/U_ipml_fifo_ctrl/N156.eq_0/gateop, insts:6.
I: Infer CARRY group, base inst: user_axi_m_arbitration/user_rw_fifo_ctrl2/user_read_ddr_fifo/U_ipml_fifo_read_ddr_fifo/U_ipml_fifo_ctrl/N278_5.fsub_1/gateop, insts:9.
I: Infer CARRY group, base inst: user_axi_m_arbitration/user_rw_fifo_ctrl2/user_write_ddr_fifo/U_ipml_fifo_write_ddr_fifo/U_ipml_fifo_ctrl/N2_1/gateop, insts:12.
I: Infer CARRY group, base inst: user_axi_m_arbitration/user_rw_fifo_ctrl2/user_write_ddr_fifo/U_ipml_fifo_write_ddr_fifo/U_ipml_fifo_ctrl/N69_1/gateop, insts:9.
I: Infer CARRY group, base inst: user_axi_m_arbitration/user_rw_fifo_ctrl2/user_write_ddr_fifo/U_ipml_fifo_write_ddr_fifo/U_ipml_fifo_ctrl/N153.eq_0/gateop, insts:6.
I: Infer CARRY group, base inst: user_axi_m_arbitration/user_rw_fifo_ctrl2/user_write_ddr_fifo/U_ipml_fifo_write_ddr_fifo/U_ipml_fifo_ctrl/N156.eq_0/gateop, insts:5.
I: Infer CARRY group, base inst: user_axi_m_arbitration/user_rw_fifo_ctrl2/user_write_ddr_fifo/U_ipml_fifo_write_ddr_fifo/U_ipml_fifo_ctrl/N314_5.fsub_1/gateop, insts:9.
I: Infer CARRY group, base inst: user_axi_m_arbitration/user_rw_fifo_ctrl3/user_read_ddr_fifo/U_ipml_fifo_read_ddr_fifo/U_ipml_fifo_ctrl/N2_1/gateop, insts:9.
I: Infer CARRY group, base inst: user_axi_m_arbitration/user_rw_fifo_ctrl3/user_read_ddr_fifo/U_ipml_fifo_read_ddr_fifo/U_ipml_fifo_ctrl/N84_1/gateop, insts:12.
I: Infer CARRY group, base inst: user_axi_m_arbitration/user_rw_fifo_ctrl3/user_read_ddr_fifo/U_ipml_fifo_read_ddr_fifo/U_ipml_fifo_ctrl/N153.eq_0/gateop, insts:4.
I: Infer CARRY group, base inst: user_axi_m_arbitration/user_rw_fifo_ctrl3/user_read_ddr_fifo/U_ipml_fifo_read_ddr_fifo/U_ipml_fifo_ctrl/N156.eq_0/gateop, insts:6.
I: Infer CARRY group, base inst: user_axi_m_arbitration/user_rw_fifo_ctrl3/user_read_ddr_fifo/U_ipml_fifo_read_ddr_fifo/U_ipml_fifo_ctrl/N278_5.fsub_1/gateop, insts:9.
I: Infer CARRY group, base inst: user_axi_m_arbitration/user_rw_fifo_ctrl3/user_write_ddr_fifo/U_ipml_fifo_write_ddr_fifo/U_ipml_fifo_ctrl/N2_1/gateop, insts:12.
I: Infer CARRY group, base inst: user_axi_m_arbitration/user_rw_fifo_ctrl3/user_write_ddr_fifo/U_ipml_fifo_write_ddr_fifo/U_ipml_fifo_ctrl/N69_1/gateop, insts:9.
I: Infer CARRY group, base inst: user_axi_m_arbitration/user_rw_fifo_ctrl3/user_write_ddr_fifo/U_ipml_fifo_write_ddr_fifo/U_ipml_fifo_ctrl/N153.eq_0/gateop, insts:6.
I: Infer CARRY group, base inst: user_axi_m_arbitration/user_rw_fifo_ctrl3/user_write_ddr_fifo/U_ipml_fifo_write_ddr_fifo/U_ipml_fifo_ctrl/N156.eq_0/gateop, insts:5.
I: Infer CARRY group, base inst: user_axi_m_arbitration/user_rw_fifo_ctrl3/user_write_ddr_fifo/U_ipml_fifo_write_ddr_fifo/U_ipml_fifo_ctrl/N314_5.fsub_1/gateop, insts:9.
I: Infer CARRY group, base inst: I_ipsxb_ddr_top/u_ddrphy_top/ddrphy_slice_top/i_dqs_group[0].u_ddrphy_data_slice/data_slice_dqs_gate_cal/gatecal/N81_1_0/gateop, insts:6.
I: Infer CARRY group, base inst: I_ipsxb_ddr_top/u_ddrphy_top/ddrphy_slice_top/i_dqs_group[0].u_ddrphy_data_slice/data_slice_dqs_gate_cal/gatecal/N389_8.fsub_1/gateop, insts:5.
I: Infer CARRY group, base inst: I_ipsxb_ddr_top/u_ddrphy_top/ddrphy_slice_top/i_dqs_group[1].u_ddrphy_data_slice/data_slice_dqs_gate_cal/gatecal/N81_1_0/gateop, insts:6.
I: Infer CARRY group, base inst: I_ipsxb_ddr_top/u_ddrphy_top/ddrphy_slice_top/i_dqs_group[1].u_ddrphy_data_slice/data_slice_dqs_gate_cal/gatecal/N389_8.fsub_1/gateop, insts:5.
I: Infer CARRY group, base inst: I_ipsxb_ddr_top/u_ddrphy_top/ddrphy_slice_top/i_dqs_group[2].u_ddrphy_data_slice/data_slice_dqs_gate_cal/gatecal/N81_1_0/gateop, insts:6.
I: Infer CARRY group, base inst: I_ipsxb_ddr_top/u_ddrphy_top/ddrphy_slice_top/i_dqs_group[2].u_ddrphy_data_slice/data_slice_dqs_gate_cal/gatecal/N389_8.fsub_1/gateop, insts:5.
Device mapping done.
Total device mapping takes 3.36 sec.

Device Utilization Summary:
+-------------------------------------------------------------------------+
| Logic Utilization     | Used      | Available     | Utilization(%)     
+-------------------------------------------------------------------------+
| APM                   | 0         | 84            | 0                  
| IOCKDLY               | 1         | 40            | 3                  
| FF                    | 8127      | 64200         | 13                 
| LUT                   | 9911      | 42800         | 24                 
| Distributed RAM       | 73        | 17000         | 1                  
| DLL                   | 2         | 10            | 20                 
| DQSL                  | 8         | 18            | 45                 
| DRM                   | 122.5     | 134           | 92                 
| FUSECODE              | 0         | 1             | 0                  
| IO                    | 181       | 296           | 62                 
| IOCKDIV               | 3         | 20            | 15                 
| IOCKGATE              | 6         | 20            | 30                 
| IPAL                  | 0         | 1             | 0                  
| PLL                   | 4         | 5             | 80                 
| RCKB                  | 0         | 24            | 0                  
| SCANCHAIN             | 1         | 2             | 50                 
| START                 | 0         | 1             | 0                  
| USCM                  | 14        | 30            | 47                 
| HSST                  | 0         | 1             | 0                  
| OSC                   | 0         | 1             | 0                  
| CRYSTAL               | 0         | 2             | 0                  
| RESCAL                | 0         | 4             | 0                  
| UDID                  | 0         | 1             | 0                  
| PCIE                  | 0         | 1             | 0                  
+-------------------------------------------------------------------------+

Design 'test_ddr' has been successfully mapped to architecture-specific objects.
Saving design to DB.
W: Public-4010: Pcf file D:/FPGA/PANGOMICRO/ETH1_TEST/9_big_boss_v3_zynq_960_PC_ETH1/device_map/ddr_test_top.pcf has been covered.
Action dev_map: Real time elapsed is 0h:0m:33s
Action dev_map: CPU time elapsed is 0h:0m:12s
Action dev_map: Process CPU time elapsed is 0h:0m:12s
Current time: Sun Aug  6 18:16:54 2023
Action dev_map: Peak memory pool usage is 433 MB
