#Build: Fabric Compiler 2022.1, Build 99559, Jul 12 00:20 2022
#Install: D:\FPGA\PANGOMICRO\PDS_2022.1\bin
#Application name: pds_shell.exe
#OS: Windows 10 10.0.19045
#Hostname: FLY-TT-G14LAPTOP
Generated by Fabric Compiler (version 2022.1 build 99559) at Thu Aug 17 23:31:37 2023
Compiling verification operator library.
Compiling common defs.
Compiling prim grid devices.
Compiling gate devices.
Compiling gate operators.
Building architecture model.
Loading device packaging model.
Reading design from DB.
Start Generating Programming File...
Reading design from DB takes 3.875000 sec.
Generating architecture configuration.
The bitstream file is "D:/FPGA/PANGOMICRO/done/board_3_oneboard_design/generate_bitstream/test_ddr.sbit"
Generate programming file takes 31.312500 sec.
Generating Programming File done.
Action gen_bit_stream: Real time elapsed is 0h:0m:39s
Action gen_bit_stream: CPU time elapsed is 0h:0m:37s
Action gen_bit_stream: Process CPU time elapsed is 0h:0m:37s
Current time: Thu Aug 17 23:32:14 2023
Action gen_bit_stream: Peak memory pool usage is 829 MB
