#Build: Fabric Compiler 2022.1, Build 99559, Jul 12 00:20 2022
#Install: D:\FPGA\PANGOMICRO\PDS_2022.1\bin
#Application name: pds_shell.exe
#OS: Windows 10 10.0.19045
#Hostname: FLY-TT-G14LAPTOP
Generated by Fabric Compiler (version 2022.1 build 99559) at Sun Aug  6 15:38:53 2023
Compiling verification operator library.
Compiling common defs.
Compiling prim grid devices.
Compiling gate devices.
Compiling gate operators.
Building architecture model.
Loading device packaging model.
Reading design from DB.
Start Generating Programming File...
Reading design from DB takes 3.046875 sec.
Generating architecture configuration.
The bitstream file is "D:/FPGA/PANGOMICRO/ETH1_TEST/9_big_boss_v3_zynq_960_PC_ETH1/generate_bitstream/test_ddr.sbit"
Generate programming file takes 27.515625 sec.
Generating Programming File done.
Action gen_bit_stream: Real time elapsed is 0h:0m:36s
Action gen_bit_stream: CPU time elapsed is 0h:0m:33s
Action gen_bit_stream: Process CPU time elapsed is 0h:0m:33s
Current time: Sun Aug  6 15:39:27 2023
Action gen_bit_stream: Peak memory pool usage is 777 MB
