#Build: Fabric Inserter 2022.1, Build 99559, Jul 12 00:20 2022
#Install: D:\FPGA\PANGOMICRO\PDS_2022.1\bin
#Application name: cdt_ins.exe
#OS: Windows 10 10.0.19045
#Hostname: FLY-TT-G14LAPTOP
Generated by Fabric Inserter (version 2022.1 build 99559) at Sat Aug 19 03:29:47 2023
*************************************************************************
*
*  Parsing design. Please be patient as this can take several minutes.
*
*************************************************************************
Compiling architecture definition.
Loading technology operator library.
Compiling technology operator library.
Compiling technology operator (valence) library.
Compiling file 'D:/FPGA/PANGOMICRO/done/board_3_oneboard_design/synthesize/test_ddr_syn.adf' successful.
Creating module hierarchy.
Collecting net information.
*************************************************************************
*
*  Design Parsing Done.
*
*************************************************************************
Read project 'D:/FPGA/PANGOMICRO/done/board_3_oneboard_design/synthesize/test_ddr_syn.fic' Successfully.
M_PROCESS_FINISH_STARTED

