IP Generator (Version 2022.1 build 99559)
Check out license ...
Start generating at 2023-04-12 16:49
Instance: interpolation_ram0 (D:\FPGA\PANGOMICRO\pango_learn\5_Bilinear_Interpolation_64x32_test\ipcore\interpolation_ram0\interpolation_ram0.idf)
IP: DRM Based Simple Dual Port RAM (1.6)
Part: Logos-PGL50H-FBG484--6
Create directory 'rtl' ...
Copy 'rtl\ipml_sdpram_v1_6.v.xml' to 'rtl' ...
Compile file 'rtl\ipml_sdpram_v1_6.v.xml' to 'rtl\ipml_sdpram_v1_6_interpolation_ram0.v' ...
Copy 'ipml_sdpram_wrapper_v1_6.v.xml' ...
Compile file 'ipml_sdpram_wrapper_v1_6.v.xml' to 'interpolation_ram0.v' ...
Found top module 'interpolation_ram0' in file 'interpolation_ram0.v'.
Copy 'ipml_sdpram_wrapper_v1_3_tb.v.xml' ...
Compile file 'ipml_sdpram_wrapper_v1_3_tb.v.xml' to 'interpolation_ram0_tb.v' ...
Copy 'init_param_bin_exmp.dat' ...
Copy 'init_param_hex_exmp.dat' ...
Run file 'createParam.tcl' ...
Create template file 'interpolation_ram0_tmpl.v' ...
Create template file 'interpolation_ram0_tmpl.vhdl' ...
There are 2 source files to synthesize.
Synthesis is disabled.
Done: 0 error(s), 0 warning(s)
