#Build: Fabric Compiler 2022.1, Build 99559, Jul 12 00:20 2022
#Install: D:\FPGA\PANGOMICRO\PDS\PDS_2022.1\bin
#Application name: pds_shell.exe
#OS: Windows 10 10.0.19045
#Hostname: FLY-TT-G14LAPTOP
Generated by Fabric Compiler (version 2022.1 build 99559) at Wed May 31 01:34:10 2023
Executing command action 'cmd_report_power'
Compiling verification operator library.
Compiling common defs.
Compiling prim grid devices.
Compiling gate devices.
Compiling gate operators.
Building architecture model.
Loading device packaging model.
I: The power model of the device is Production
Reading design from pnr DB.
Start: Report Power
Report Power...
Report Power successfully.
Action report_power: Real time elapsed is 0h:0m:30s
Action report_power: CPU time elapsed is 0h:0m:28s
Action report_power: Process CPU time elapsed is 0h:0m:28s
Current time: Wed May 31 01:34:38 2023
Action report_power: Peak memory pool usage is 769 MB
